2021-01-04 14:04:11,570 3344 log_generator.py 145 log-generator DEBUG As the fighters begin to approach the target area, suddenly 
2021-01-04 14:04:12,403 3344 log_generator.py 145 log-generator DEBUG Yes, sir.
2021-01-04 14:04:13,19 3344 log_generator.py 145 log-generator DEBUG What good is all your uncle's work 
2021-01-04 14:04:13,682 3344 log_generator.py 145 log-generator DEBUG Chewbacca growls in agreement.
2021-01-04 14:04:13,967 3344 log_generator.py 145 log-generator DEBUG the credit and take all the reward.
2021-01-04 14:04:14,237 3344 log_generator.py 145 log-generator DEBUG A light wind whips at him as he adjusts several valves on a 
2021-01-04 14:04:16,206 3344 log_generator.py 145 log-generator DEBUG the grossest of the slavering hulks and his scarred face is 
2021-01-04 14:04:16,701 3344 log_generator.py 145 log-generator DEBUG We found the computer outlet, sir.
2021-01-04 14:04:17,154 3344 log_generator.py 145 log-generator DEBUG Han is stunned at the command of the petite young girl.
2021-01-04 14:04:17,265 3344 log_generator.py 145 log-generator DEBUG compartments.
2021-01-04 14:04:18,45 3344 log_generator.py 145 log-generator DEBUG time... a long time.
2021-01-04 14:04:18,370 3344 log_generator.py 145 log-generator DEBUG with those Imperial slugs. I told 
2021-01-04 14:04:18,844 3344 log_generator.py 145 log-generator DEBUG BEN
2021-01-04 14:04:19,564 3344 log_generator.py 145 log-generator DEBUG I can't hold them!
2021-01-04 14:04:20,258 3344 log_generator.py 145 log-generator DEBUG hit their lightsabers together, lightning flashes on impact. 
2021-01-04 14:04:22,13 3344 log_generator.py 145 log-generator DEBUG around the two hapless robots.
2021-01-04 14:04:22,810 3344 log_generator.py 145 log-generator DEBUG on down the alleyway. The door slides open a crack and 
2021-01-04 14:04:23,694 3344 log_generator.py 145 log-generator DEBUG Luke, saddened by the loss of Obi-Wan Kenobi, stares off 
2021-01-04 14:04:25,812 3344 log_generator.py 145 log-generator DEBUG Red Leader is concentrating on his targeting device.
2021-01-04 14:04:26,787 3344 log_generator.py 145 log-generator DEBUG small insects to the dark areas when their mouths and nostrils 
2021-01-04 14:04:27,229 3344 log_generator.py 145 log-generator DEBUG Han Solo slowly reaches for his gun under the table.
2021-01-04 14:04:27,781 3344 log_generator.py 145 log-generator DEBUG on, Master Luke. There's no sense in 
2021-01-04 14:04:27,906 3344 log_generator.py 145 log-generator DEBUG Han, why you're the best smuggler in 
2021-01-04 14:04:28,207 3344 log_generator.py 145 log-generator DEBUG The giant twin suns of Tatooine slowly disappear behind a 
2021-01-04 14:04:28,629 3344 log_generator.py 145 log-generator DEBUG me...
2021-01-04 14:04:28,793 3344 log_generator.py 145 log-generator DEBUG the ship's controls.
2021-01-04 14:04:30,396 3344 log_generator.py 145 log-generator DEBUG INT. LARS HOMESTEAD - DINING AREA
2021-01-04 14:04:31,164 3344 log_generator.py 145 log-generator DEBUG screen, listening to the ship-to-ship communication on the 
2021-01-04 14:04:31,798 3344 log_generator.py 145 log-generator DEBUG The fighters, now X-shaped darts, move in formation. The 
2021-01-04 14:04:31,911 3344 log_generator.py 145 log-generator DEBUG network.
2021-01-04 14:04:32,348 3344 log_generator.py 145 log-generator DEBUG I grow tired of asking this. So it'll 
2021-01-04 14:04:33,134 3344 log_generator.py 145 log-generator DEBUG EXT. SURFACE OF THE DEATH STAR
2021-01-04 14:04:33,551 3344 log_generator.py 145 log-generator DEBUG TX-four-one-two. Why aren't you at 
2021-01-04 14:04:34,513 3344 log_generator.py 145 log-generator DEBUG HAN
2021-01-04 14:04:35,417 3344 log_generator.py 145 log-generator DEBUG throttle.
2021-01-04 14:04:36,414 3344 log_generator.py 145 log-generator DEBUG Threepio and his stubby partner go outside and most of the 
2021-01-04 14:04:37,136 3344 log_generator.py 145 log-generator DEBUG What good's a reward if you ain't 
2021-01-04 14:04:37,385 3344 log_generator.py 145 log-generator DEBUG The speeder stops before what remains of the huge Jawas 
2021-01-04 14:04:38,379 3344 log_generator.py 145 log-generator DEBUG The victorious Millennium Falcon moves off majestically 
2021-01-04 14:04:38,670 3344 log_generator.py 145 log-generator DEBUG BARTENDER
2021-01-04 14:04:39,286 3344 log_generator.py 145 log-generator DEBUG have a look. Come on.
2021-01-04 14:04:41,733 3344 log_generator.py 145 log-generator DEBUG leash. I recognized your foul stench 
2021-01-04 14:04:42,275 3344 log_generator.py 145 log-generator DEBUG The three Y-wing fighters race toward camera and zoom overhead 
2021-01-04 14:04:43,47 3344 log_generator.py 145 log-generator DEBUG THREEPIO
2021-01-04 14:04:43,748 3344 log_generator.py 145 log-generator DEBUG I don't have it with me. Tell Jabba...
2021-01-04 14:04:44,896 3344 log_generator.py 145 log-generator DEBUG We've got to find out which cell 
2021-01-04 14:04:45,613 3344 log_generator.py 145 log-generator DEBUG VADER
2021-01-04 14:04:45,740 3344 log_generator.py 145 log-generator DEBUG GOLD LEADER
2021-01-04 14:04:48,678 3344 log_generator.py 145 log-generator DEBUG Don't worry, she'll hold together.
2021-01-04 14:04:49,150 3344 log_generator.py 145 log-generator DEBUG of The Sith fight. Suddenly Luke spots the battle from his 
2021-01-04 14:04:49,369 3344 log_generator.py 145 log-generator DEBUG may have learned who they sold them 
2021-01-04 14:04:49,781 3344 log_generator.py 145 log-generator DEBUG alarm and look to the sky as the huge starship rises above 
2021-01-04 14:04:50,281 3344 log_generator.py 145 log-generator DEBUG Terror crosses Luke's face as he realizes he won't be able 
2021-01-04 14:04:51,247 3344 log_generator.py 145 log-generator DEBUG Where are you going?
2021-01-04 14:04:51,507 3344 log_generator.py 145 log-generator DEBUG I care!
2021-01-04 14:04:52,132 3344 log_generator.py 145 log-generator DEBUG INT. DARTH VADER'S COCKPIT
2021-01-04 14:04:52,508 3344 log_generator.py 145 log-generator DEBUG Luke's forehead and he begins to come around.
2021-01-04 14:04:53,467 3344 log_generator.py 145 log-generator DEBUG Better her than me...
2021-01-04 14:04:53,653 3344 log_generator.py 145 log-generator DEBUG a grim testimonial to his prowess as a vicious killer. He is 
2021-01-04 14:04:54,498 3344 log_generator.py 145 log-generator DEBUG cockpit. The Wookiee chatters something to Leia.
2021-01-04 14:04:55,427 3344 log_generator.py 145 log-generator DEBUG his power. It's an energy field 
2021-01-04 14:04:55,716 3344 log_generator.py 145 log-generator DEBUG Luke peers out from his cockpit.
2021-01-04 14:04:56,22 3344 log_generator.py 145 log-generator DEBUG Leia and the others are grouped around the computer board.
2021-01-04 14:04:56,888 3344 log_generator.py 145 log-generator DEBUG an Imperial starship? It's not good 
2021-01-04 14:04:58,742 3344 log_generator.py 145 log-generator DEBUG intense laser barrage.
2021-01-04 14:05:00,7 3344 log_generator.py 145 log-generator DEBUG panel, dousing the inferno by spraying it with fire retardant 
2021-01-04 14:05:00,884 3344 log_generator.py 145 log-generator DEBUG INT. DEATH STAR - NARROW PASSAGEWAY
2021-01-04 14:05:01,480 3344 log_generator.py 145 log-generator DEBUG slams the overhead entry shut.
2021-01-04 14:05:02,19 3344 log_generator.py 145 log-generator DEBUG anticipation.
2021-01-04 14:05:02,871 3344 log_generator.py 145 log-generator DEBUG What good will it do us if he gets 
2021-01-04 14:05:03,369 3344 log_generator.py 145 log-generator DEBUG We're passing through their magnetic 
2021-01-04 14:05:03,755 3344 log_generator.py 145 log-generator DEBUG A series of explosions knock a hole in the elevator door 
2021-01-04 14:05:04,29 3344 log_generator.py 145 log-generator DEBUG Chewie growls a bit at the remark but Han nudges him to shut 
2021-01-04 14:05:04,229 3344 log_generator.py 145 log-generator DEBUG INT. RED LEADER'S COCKPIT
2021-01-04 14:05:05,49 3344 log_generator.py 145 log-generator DEBUG is now the ultimate power in the 
2021-01-04 14:05:05,557 3344 log_generator.py 145 log-generator DEBUG EXT. DEATH STAR - HUGE PORT DOORS
2021-01-04 14:05:06,32 3344 log_generator.py 145 log-generator DEBUG Threepio! Come in, Threepio! Threepio!
2021-01-04 14:05:06,868 3344 log_generator.py 145 log-generator DEBUG Red Leader looks around at his wingmen; the Death Star looming 
2021-01-04 14:05:07,19 3344 log_generator.py 145 log-generator DEBUG OFFICER
2021-01-04 14:05:07,939 3344 log_generator.py 145 log-generator DEBUG Anywhere! Oh!!
2021-01-04 14:05:09,211 3344 log_generator.py 145 log-generator DEBUG LUKE
2021-01-04 14:05:12,371 3344 log_generator.py 145 log-generator DEBUG BEN
2021-01-04 14:05:12,781 3344 log_generator.py 145 log-generator DEBUG That's okay. I'm never coming back 
2021-01-04 14:05:13,396 3344 log_generator.py 145 log-generator DEBUG LUKE
2021-01-04 14:05:14,234 3344 log_generator.py 145 log-generator DEBUG RED LEADER
2021-01-04 14:05:15,58 3344 log_generator.py 145 log-generator DEBUG rope, Leia returns the laser volley. Another trooper appears 
2021-01-04 14:05:15,353 3344 log_generator.py 145 log-generator DEBUG Oh, no!
2021-01-04 14:05:15,576 3344 log_generator.py 145 log-generator DEBUG side by side. Sandpeople always ride 
2021-01-04 14:05:16,408 3344 log_generator.py 145 log-generator DEBUG Hurry up! Come with me! What are you 
2021-01-04 14:05:17,628 3344 log_generator.py 145 log-generator DEBUG Our scout ships have reached 
2021-01-04 14:05:17,887 3344 log_generator.py 145 log-generator DEBUG of this R2 unit. My father will know 
2021-01-04 14:05:18,364 3344 log_generator.py 145 log-generator DEBUG Ben moves around the tractor beam, watching the stormtroopers 
2021-01-04 14:05:18,579 3344 log_generator.py 145 log-generator DEBUG They follow her, moving swiftly down the deserted corridor.
2021-01-04 14:05:20,136 3344 log_generator.py 145 log-generator DEBUG Wait a minute, where are you going?
2021-01-04 14:05:21,17 3344 log_generator.py 145 log-generator DEBUG That's 'cause droids don't pull 
2021-01-04 14:05:21,693 3344 log_generator.py 145 log-generator DEBUG are not aboard this ship! And no 
2021-01-04 14:05:21,974 3344 log_generator.py 145 log-generator DEBUG (over headset)
2021-01-04 14:05:23,85 3344 log_generator.py 145 log-generator DEBUG stormtroopers rush past him in the main hallway. He checks 
2021-01-04 14:05:23,269 3344 log_generator.py 145 log-generator DEBUG his field of view. Before Luke or Threepio can react, a large, 
2021-01-04 14:05:23,829 3344 log_generator.py 145 log-generator DEBUG I'm trying!
2021-01-04 14:05:24,505 3344 log_generator.py 145 log-generator DEBUG binds the galaxy together.
2021-01-04 14:05:24,956 3344 log_generator.py 145 log-generator DEBUG readiness to board it, while other troopers stand with weapons 
2021-01-04 14:05:25,423 3344 log_generator.py 145 log-generator DEBUG She rises and places a gold medallion around Han's neck. He 
2021-01-04 14:05:25,928 3344 log_generator.py 145 log-generator DEBUG I hope the old man got that tractor 
2021-01-04 14:05:26,752 3344 log_generator.py 145 log-generator DEBUG into space.
2021-01-04 14:05:28,0 3344 log_generator.py 145 log-generator DEBUG he ducks into the spaceship.
2021-01-04 14:05:29,806 3344 log_generator.py 145 log-generator DEBUG INT. DEATH STAR - HALLWAY
2021-01-04 14:05:30,41 3344 log_generator.py 145 log-generator DEBUG in.
2021-01-04 14:05:31,313 3344 log_generator.py 145 log-generator DEBUG Now's our chance! Go!
2021-01-04 14:05:31,767 3344 log_generator.py 145 log-generator DEBUG Ben adjusts the lightsaber on his belt and silently steps 
2021-01-04 14:05:32,637 3344 log_generator.py 145 log-generator DEBUG Death Star and targets glow brightly.
2021-01-04 14:05:33,42 3344 log_generator.py 145 log-generator DEBUG All right, I'll be there in a few 
2021-01-04 14:05:33,575 3344 log_generator.py 145 log-generator DEBUG STAR WARS
2021-01-04 14:05:33,686 3344 log_generator.py 145 log-generator DEBUG adventurer.
2021-01-04 14:05:34,631 3344 log_generator.py 145 log-generator DEBUG Red Leader, this is Gold Leader.
2021-01-04 14:05:34,950 3344 log_generator.py 145 log-generator DEBUG the Sandcrawler as Ben and the robots finish burning the 
2021-01-04 14:05:36,613 3344 log_generator.py 145 log-generator DEBUG Threepio intercedes on behalf of his small companion and 
2021-01-04 14:05:36,967 3344 log_generator.py 145 log-generator DEBUG foreboding mist and the onimous sounds of unearthly creatures 
2021-01-04 14:05:37,789 3344 log_generator.py 145 log-generator DEBUG Han draws his laser pistol and fires at the hatch. The 
2021-01-04 14:05:38,539 3344 log_generator.py 145 log-generator DEBUG Tarkin and Vader watch the computer projected screen with 
2021-01-04 14:05:39,699 3344 log_generator.py 145 log-generator DEBUG only another robot could understand.
2021-01-04 14:05:40,512 3344 log_generator.py 145 log-generator DEBUG short circuited his recording system. 
2021-01-04 14:11:00,195 4296 log_generator.py 145 log-generator DEBUG screen gives a readout of the hit. The pirateship bounces 
2021-01-04 14:11:00,621 4296 log_generator.py 145 log-generator DEBUG INT. DEATH STAR - CONTROL ROOM
2021-01-04 14:11:01,287 4296 log_generator.py 145 log-generator DEBUG are flying and at the far end stands a vision in white, the 
2021-01-04 14:11:03,108 4296 log_generator.py 145 log-generator DEBUG BIGGS
2021-01-04 14:11:04,473 4296 log_generator.py 145 log-generator DEBUG you! Go that way! You'll be 
2021-01-04 14:11:04,640 4296 log_generator.py 145 log-generator DEBUG WEDGE
2021-01-04 14:11:05,243 4296 log_generator.py 145 log-generator DEBUG INTERCOM VOICE
2021-01-04 14:11:06,461 4296 log_generator.py 145 log-generator DEBUG INT. MILLENNIUM FALCON - COCKPIT
2021-01-04 14:11:07,174 4296 log_generator.py 145 log-generator DEBUG That's your uncle talking.
2021-01-04 14:11:07,562 4296 log_generator.py 145 log-generator DEBUG cross hairs, and fires.
2021-01-04 14:11:09,266 4296 log_generator.py 145 log-generator DEBUG EXT. SPACE
2021-01-04 14:11:09,564 4296 log_generator.py 145 log-generator DEBUG We're too close.
2021-01-04 14:11:10,920 4296 log_generator.py 145 log-generator DEBUG Uncle Owen isn't going to take this 
2021-01-04 14:11:11,113 4296 log_generator.py 145 log-generator DEBUG season. And if these new droids do 
2021-01-04 14:11:11,236 4296 log_generator.py 145 log-generator DEBUG RED LEADER
2021-01-04 14:11:11,341 4296 log_generator.py 145 log-generator DEBUG LUKE
2021-01-04 14:11:11,536 4296 log_generator.py 145 log-generator DEBUG cross hairs, and fires.
2021-01-04 14:11:12,55 4296 log_generator.py 145 log-generator DEBUG the detention level.
2021-01-04 14:11:12,738 4296 log_generator.py 145 log-generator DEBUG HAN
2021-01-04 14:11:13,713 4296 log_generator.py 145 log-generator DEBUG just not in demand.
2021-01-04 14:11:14,239 4296 log_generator.py 145 log-generator DEBUG faster this time. I can't hold them!
2021-01-04 14:11:14,805 4296 log_generator.py 145 log-generator DEBUG THREEPIO
2021-01-04 14:11:14,980 4296 log_generator.py 145 log-generator DEBUG When we heard about Alderaan, we 
2021-01-04 14:11:15,311 4296 log_generator.py 145 log-generator DEBUG EXT. TATOOINE - LARS HOMESTEAD
2021-01-04 14:11:16,538 4296 log_generator.py 145 log-generator DEBUG INT. DARTH VADER'S COCKPIT
2021-01-04 14:11:16,646 4296 log_generator.py 145 log-generator DEBUG The shrouded little creatures smell horribly, attracting 
2021-01-04 14:11:17,319 4296 log_generator.py 145 log-generator DEBUG the helpless pirateship is dragged.
2021-01-04 14:11:17,744 4296 log_generator.py 145 log-generator DEBUG HAN
2021-01-04 14:11:18,520 4296 log_generator.py 145 log-generator DEBUG Green laserfire moves past the beeping little robot as his 
2021-01-04 14:11:18,785 4296 log_generator.py 145 log-generator DEBUG THREEPIO
2021-01-04 14:11:19,274 4296 log_generator.py 145 log-generator DEBUG THREEPIO
2021-01-04 14:11:20,265 4296 log_generator.py 145 log-generator DEBUG We've had some problems...
2021-01-04 14:11:20,608 4296 log_generator.py 145 log-generator DEBUG What happened?
2021-01-04 14:11:21,35 4296 log_generator.py 145 log-generator DEBUG of peace and justice in the Old 
2021-01-04 14:11:22,222 4296 log_generator.py 145 log-generator DEBUG pilot who smuggled for me dumped 
2021-01-04 14:11:23,179 4296 log_generator.py 145 log-generator DEBUG the stolen plans that can save her people and 
2021-01-04 14:11:25,121 4296 log_generator.py 145 log-generator DEBUG INT. DEATH STAR - SUBHALLWAY
2021-01-04 14:11:26,28 4296 log_generator.py 145 log-generator DEBUG THREEPIO
2021-01-04 14:11:26,536 4296 log_generator.py 145 log-generator DEBUG Luke's surprise at the appearance of Biggs gives way to great 
2021-01-04 14:11:27,469 4296 log_generator.py 145 log-generator DEBUG TARKIN
2021-01-04 14:11:27,705 4296 log_generator.py 145 log-generator DEBUG screen, as red and blue target lights glow. The red target 
2021-01-04 14:11:28,456 4296 log_generator.py 145 log-generator DEBUG JABBA
2021-01-04 14:11:29,100 4296 log_generator.py 145 log-generator DEBUG Luke looks over his shoulder at the action outside of his 
2021-01-04 14:11:30,659 4296 log_generator.py 145 log-generator DEBUG the ship's controls.
2021-01-04 14:11:33,585 4296 log_generator.py 145 log-generator DEBUG coins as he leaves.
2021-01-04 14:11:33,808 4296 log_generator.py 145 log-generator DEBUG hoping to lose the Imperial fighter.
2021-01-04 14:11:34,43 4296 log_generator.py 145 log-generator DEBUG INT. LUKE'S X-WING FIGHTER - COCKPIT
2021-01-04 14:11:35,838 4296 log_generator.py 145 log-generator DEBUG Are you all right? What's wrong?
2021-01-04 14:11:36,455 4296 log_generator.py 145 log-generator DEBUG Chewbacca growls in agreement.
2021-01-04 14:11:37,585 4296 log_generator.py 145 log-generator DEBUG from the main group. Come with me!
2021-01-04 14:11:37,909 4296 log_generator.py 145 log-generator DEBUG early.
2021-01-04 14:11:38,571 4296 log_generator.py 145 log-generator DEBUG LEIA
2021-01-04 14:11:39,611 4296 log_generator.py 145 log-generator DEBUG (over headset)
2021-01-04 14:11:39,886 4296 log_generator.py 145 log-generator DEBUG with you! Listen, have I got some 
2021-01-04 14:11:40,665 4296 log_generator.py 145 log-generator DEBUG cloak falls to the floor in two parts, but Ben is not in it.  
2021-01-04 14:11:41,53 4296 log_generator.py 145 log-generator DEBUG LEIA
2021-01-04 14:11:41,895 4296 log_generator.py 145 log-generator DEBUG Don't seem to remember ever owning a 
2021-01-04 14:11:42,458 4296 log_generator.py 145 log-generator DEBUG Yeah, but this time I got the money.
2021-01-04 14:11:42,878 4296 log_generator.py 145 log-generator DEBUG You're sure the homing beacon is 
2021-01-04 14:11:43,73 4296 log_generator.py 145 log-generator DEBUG voice of the loudspeaker issuing commands. Coupling hoses 
2021-01-04 14:11:43,437 4296 log_generator.py 145 log-generator DEBUG HAN
2021-01-04 14:11:44,151 4296 log_generator.py 145 log-generator DEBUG precise calculations we could fly 
2021-01-04 14:11:44,750 4296 log_generator.py 145 log-generator DEBUG LUKE
2021-01-04 14:11:45,13 4296 log_generator.py 145 log-generator DEBUG LUKE
2021-01-04 14:11:45,510 4296 log_generator.py 145 log-generator DEBUG empty cloak. As the guards are distracted, the adventurers 
2021-01-04 14:11:46,78 4296 log_generator.py 145 log-generator DEBUG connects, and the fighter explodes into fiery dust. Han laughs 
2021-01-04 14:11:46,734 4296 log_generator.py 145 log-generator DEBUG HAN
2021-01-04 14:11:47,138 4296 log_generator.py 145 log-generator DEBUG (looking at his ship)
2021-01-04 14:11:47,458 4296 log_generator.py 145 log-generator DEBUG for.
2021-01-04 14:11:47,975 4296 log_generator.py 145 log-generator DEBUG makes a few beeping remarks, then scurries away.
2021-01-04 14:11:48,317 4296 log_generator.py 145 log-generator DEBUG VOICE
2021-01-04 14:11:49,622 4296 log_generator.py 145 log-generator DEBUG You mean it controls your actions?
2021-01-04 14:11:49,797 4296 log_generator.py 145 log-generator DEBUG She must have hidden the plans in 
2021-01-04 14:11:50,861 4296 log_generator.py 145 log-generator DEBUG a fat, slug-like creature with eyes on extended feelers and 
2021-01-04 14:11:51,798 4296 log_generator.py 145 log-generator DEBUG INT. DEATH STAR - MAIN FORWARD BAY - SERVICE PANEL
2021-01-04 14:11:52,393 4296 log_generator.py 145 log-generator DEBUG They follow her, moving swiftly down the deserted corridor.
2021-01-04 14:11:53,297 4296 log_generator.py 145 log-generator DEBUG Luke takes a wedged bar and pops the restraining bolt off 
2021-01-04 14:11:54,636 4296 log_generator.py 145 log-generator DEBUG What is what?!? He asked you a 
2021-01-04 14:11:55,120 4296 log_generator.py 145 log-generator DEBUG INT. WEDGE'S COCKPIT
2021-01-04 14:11:55,569 4296 log_generator.py 145 log-generator DEBUG RED LEADER
2021-01-04 14:11:56,592 4296 log_generator.py 145 log-generator DEBUG Luke looks longingly at the lovely, little princess and hasn't 
2021-01-04 14:11:56,709 4296 log_generator.py 145 log-generator DEBUG You'll be dead.
2021-01-04 14:11:56,923 4296 log_generator.py 145 log-generator DEBUG intercom.
2021-01-04 14:11:57,425 4296 log_generator.py 145 log-generator DEBUG array of low, grey, concrete structures and semi-domes. A 
2021-01-04 14:11:58,268 4296 log_generator.py 145 log-generator DEBUG Luke looks about, wondering whose laserfire destroyed Vader's 
2021-01-04 14:11:58,730 4296 log_generator.py 145 log-generator DEBUG The crewmen lower Artoo-Detoo into the craft. Now a part of 
2021-01-04 14:11:59,587 4296 log_generator.py 145 log-generator DEBUG BEN
2021-01-04 14:11:59,940 4296 log_generator.py 145 log-generator DEBUG begins to flash. The stubby astro-robot works his way into 
2021-01-04 14:12:00,733 4296 log_generator.py 145 log-generator DEBUG Seventeen thousand! Those guys must 
2021-01-04 14:12:01,237 4296 log_generator.py 145 log-generator DEBUG Well, I'm not going that way. It's 
2021-01-04 14:12:01,391 4296 log_generator.py 145 log-generator DEBUG (to Chewie)
2021-01-04 14:12:01,925 4296 log_generator.py 145 log-generator DEBUG BEN
2021-01-04 14:12:02,402 4296 log_generator.py 145 log-generator DEBUG BIGGS
2021-01-04 14:12:02,881 4296 log_generator.py 145 log-generator DEBUG victim. Han aims his pistol.
2021-01-04 14:12:03,926 4296 log_generator.py 145 log-generator DEBUG make the jump to light speed.
2021-01-04 14:12:04,878 4296 log_generator.py 145 log-generator DEBUG pursuit of Luke, never breaking formation.
2021-01-04 14:12:05,816 4296 log_generator.py 145 log-generator DEBUG I made some friends at the Academy.
2021-01-04 14:12:06,386 4296 log_generator.py 145 log-generator DEBUG HAN
2021-01-04 14:12:07,930 4296 log_generator.py 145 log-generator DEBUG It's markings match those of a ship 
2021-01-04 14:12:08,670 4296 log_generator.py 145 log-generator DEBUG beeping all the while.
2021-01-04 14:12:09,89 4296 log_generator.py 145 log-generator DEBUG than money.
2021-01-04 14:12:10,533 4296 log_generator.py 145 log-generator DEBUG Since the XP-38 came out, they're 
2021-01-04 14:12:12,142 4296 log_generator.py 145 log-generator DEBUG VADER
2021-01-04 14:12:12,826 4296 log_generator.py 145 log-generator DEBUG in a frenzied panic.
2021-01-04 14:12:13,468 4296 log_generator.py 145 log-generator DEBUG tiny opening. Luke and Han continue firing as they work their 
2021-01-04 14:12:14,120 4296 log_generator.py 145 log-generator DEBUG HAN
2021-01-04 14:12:14,834 4296 log_generator.py 145 log-generator DEBUG ships with more fire power than 
2021-01-04 14:12:15,151 4296 log_generator.py 145 log-generator DEBUG evading our turbo-lasers!
2021-01-04 14:12:15,765 4296 log_generator.py 145 log-generator DEBUG Over his matted, furry body he wears two chrome bandoliers, 
2021-01-04 14:12:18,315 4296 log_generator.py 145 log-generator DEBUG LUKE
2021-01-04 14:12:19,83 4296 log_generator.py 145 log-generator DEBUG (to Artoo)
2021-01-04 14:12:19,298 4296 log_generator.py 145 log-generator DEBUG we've been through, this little R2 
2021-01-04 14:12:19,667 4296 log_generator.py 145 log-generator DEBUG LUKE
2021-01-04 14:12:21,314 4296 log_generator.py 145 log-generator DEBUG the dim surface.
2021-01-04 14:12:22,94 4296 log_generator.py 145 log-generator DEBUG and gives it to the first trooper.
2021-01-04 14:12:23,68 4296 log_generator.py 145 log-generator DEBUG An Imperial Stardestroyer heads toward the evil planet-like 
2021-01-04 14:12:23,846 4296 log_generator.py 145 log-generator DEBUG this, but you're the only one I can 
2021-01-04 14:12:24,802 4296 log_generator.py 145 log-generator DEBUG of more troops.
2021-01-04 14:12:26,76 4296 log_generator.py 145 log-generator DEBUG shapes and sizes. Some are engaged in electronic conversation, 
2021-01-04 14:12:26,579 4296 log_generator.py 145 log-generator DEBUG (over speaker)
2021-01-04 14:12:26,960 4296 log_generator.py 145 log-generator DEBUG Suddenly Motti chokes and starts to turn blue under Vader's 
2021-01-04 14:12:27,120 4296 log_generator.py 145 log-generator DEBUG debts I've got to pay off with this 
2021-01-04 14:12:27,631 4296 log_generator.py 145 log-generator DEBUG Anyway, we should be at Alderaan 
2021-01-04 14:12:28,136 4296 log_generator.py 145 log-generator DEBUG EXT. SPACE AROUND THE DEATH STAR - TIE FIGHTER
2021-01-04 14:12:28,425 4296 log_generator.py 145 log-generator DEBUG LUKE
2021-01-04 14:12:29,425 4296 log_generator.py 145 log-generator DEBUG Luke stands in the middle of the small hold area; he seems 
2021-01-04 14:12:30,136 4296 log_generator.py 145 log-generator DEBUG moves out of the shadows as they pass and watches them as 
2021-01-04 14:12:31,574 4296 log_generator.py 145 log-generator DEBUG gate controls, and the Imperial guards. The officer is the 
2021-01-04 14:12:31,980 4296 log_generator.py 145 log-generator DEBUG The big creature is getting agitated and yells out some 
2021-01-04 14:12:32,417 4296 log_generator.py 145 log-generator DEBUG EXT. DEATH STAR - HUGE PORT DOORS
2021-01-04 14:12:33,855 4296 log_generator.py 145 log-generator DEBUG BEN
2021-01-04 14:12:34,203 4296 log_generator.py 145 log-generator DEBUG THREEPIO
2021-01-04 14:12:34,518 4296 log_generator.py 145 log-generator DEBUG shrieking laugh.
2021-01-04 14:12:35,136 4296 log_generator.py 145 log-generator DEBUG information in this R2 unit to plan 
2021-01-04 14:12:35,578 4296 log_generator.py 145 log-generator DEBUG HAN
2021-01-04 14:12:37,393 4296 log_generator.py 145 log-generator DEBUG Okay. Now, I'm going to put these on 
2021-01-04 14:12:37,933 4296 log_generator.py 145 log-generator DEBUG Hey! Hey!
2021-01-04 14:12:38,890 4296 log_generator.py 145 log-generator DEBUG Suddenly Artoo whistles, makes a sharp right turn and starts 
2021-01-04 14:12:39,422 4296 log_generator.py 145 log-generator DEBUG sixteen years old.
2021-01-04 14:12:40,160 4296 log_generator.py 145 log-generator DEBUG one each veering off to the left and right of the pirateship.
2021-01-04 14:12:41,477 4296 log_generator.py 145 log-generator DEBUG Kenobi, you're my only hope.
2021-01-04 14:12:42,314 4296 log_generator.py 145 log-generator DEBUG Luke looks excitedly toward Red Leader's X-wing.
2021-01-04 14:12:43,208 4296 log_generator.py 145 log-generator DEBUG the tiny robot.
2021-01-04 14:12:44,134 4296 log_generator.py 145 log-generator DEBUG I've...
2021-01-04 14:12:45,510 4296 log_generator.py 145 log-generator DEBUG exhaust port. Laserbolts blast toward him in increasing 
2021-01-04 14:12:45,917 4296 log_generator.py 145 log-generator DEBUG I'll be careful than.
2021-01-04 14:12:46,886 4296 log_generator.py 145 log-generator DEBUG to this point. The target area is 
2021-01-04 14:12:47,947 4296 log_generator.py 145 log-generator DEBUG him down to maintenance.
2021-01-04 14:12:48,168 4296 log_generator.py 145 log-generator DEBUG Imperial star pilots dash in unison to a line of small 
2021-01-04 14:12:48,569 4296 log_generator.py 145 log-generator DEBUG button. The targeting device moves away.
2021-01-04 14:12:49,134 4296 log_generator.py 145 log-generator DEBUG Lord Vader, the battle station plans 
2021-01-04 14:12:49,394 4296 log_generator.py 145 log-generator DEBUG EXT. SURFACE OF THE DEATH STAR
2021-01-04 14:12:49,627 4296 log_generator.py 145 log-generator DEBUG LUKE
2021-01-04 14:12:50,204 4296 log_generator.py 145 log-generator DEBUG foreboding mist and the onimous sounds of unearthly creatures 
2021-01-04 14:12:51,107 4296 log_generator.py 145 log-generator DEBUG Close the blast doors!
2021-01-04 14:12:51,376 4296 log_generator.py 145 log-generator DEBUG fighter and carried off under the worried eyes of Threepio.
2021-01-04 14:12:53,600 4296 log_generator.py 145 log-generator DEBUG around in a circle. Solo runs in toward Luke and they embrace 
2021-01-04 14:12:54,262 4296 log_generator.py 145 log-generator DEBUG him.
2021-01-04 14:12:54,423 4296 log_generator.py 145 log-generator DEBUG The pirateship is just coming out of hyperspace; a strange 
2021-01-04 14:12:55,148 4296 log_generator.py 145 log-generator DEBUG come back.
2021-01-04 14:12:55,955 4296 log_generator.py 145 log-generator DEBUG OWEN
2021-01-04 14:12:56,488 4296 log_generator.py 145 log-generator DEBUG home. They're not much bigger than 
2021-01-04 14:12:57,13 4296 log_generator.py 145 log-generator DEBUG LUKE
2021-01-04 14:12:57,320 4296 log_generator.py 145 log-generator DEBUG of a convoy or something.
2021-01-04 14:12:57,627 4296 log_generator.py 145 log-generator DEBUG annoyed look.
2021-01-04 14:12:57,919 4296 log_generator.py 145 log-generator DEBUG all directions. Stormtroopers stagger out of the rubble.  
2021-01-04 14:12:58,253 4296 log_generator.py 145 log-generator DEBUG filled alcove. A beautiful young girl (about sixteen years 
2021-01-04 14:12:59,206 4296 log_generator.py 145 log-generator DEBUG EXT. SURFACE OF THE DEATH STAR
2021-01-04 14:12:59,645 4296 log_generator.py 145 log-generator DEBUG VADER
2021-01-04 14:13:00,623 4296 log_generator.py 145 log-generator DEBUG The bitter Admiral Motti twists nervously in his chair.
2021-01-04 14:13:00,909 4296 log_generator.py 145 log-generator DEBUG LUKE
2021-01-04 14:13:01,675 4296 log_generator.py 145 log-generator DEBUG dealer. Strange exotic bodies and spindly-legged beasts pass 
2021-01-04 14:13:02,625 4296 log_generator.py 145 log-generator DEBUG that I thought.
2021-01-04 14:13:03,115 4296 log_generator.py 145 log-generator DEBUG Look! Did you see that?
2021-01-04 14:13:03,959 4296 log_generator.py 145 log-generator DEBUG Yes.
2021-01-04 14:13:04,369 4296 log_generator.py 145 log-generator DEBUG LUKE
2021-01-04 14:13:05,96 4296 log_generator.py 145 log-generator DEBUG DODONNA
2021-01-04 14:13:05,391 4296 log_generator.py 145 log-generator DEBUG her face. Luke is stunned by her incredible beauty and stands 
2021-01-04 14:13:06,144 4296 log_generator.py 145 log-generator DEBUG the main passageway. They aim their weapons toward the door.
2021-01-04 14:13:06,287 4296 log_generator.py 145 log-generator DEBUG spectacle.
2021-01-04 14:13:07,873 4296 log_generator.py 145 log-generator DEBUG (to Leia)
2021-01-04 14:13:08,213 4296 log_generator.py 145 log-generator DEBUG EXT. TATOOINE - MOS EISLEY - STREET - ALLEYWAY - USED 
2021-01-04 14:13:09,28 4296 log_generator.py 145 log-generator DEBUG head turns.
2021-01-04 14:13:09,275 4296 log_generator.py 145 log-generator DEBUG and get her ready.
2021-01-04 14:13:09,964 4296 log_generator.py 145 log-generator DEBUG What mission? What are you talking 
2021-01-04 14:13:10,339 4296 log_generator.py 145 log-generator DEBUG OWEN
2021-01-04 14:13:11,302 4296 log_generator.py 145 log-generator DEBUG Red Five, can you see them from where 
2021-01-04 14:13:11,998 4296 log_generator.py 145 log-generator DEBUG A trooper yells to an officer some distance away.
2021-01-04 14:13:13,810 4296 log_generator.py 145 log-generator DEBUG slams the overhead entry shut.
2021-01-04 14:13:14,552 4296 log_generator.py 145 log-generator DEBUG Death Star, an armored space station with enough 
2021-01-04 14:13:14,906 4296 log_generator.py 145 log-generator DEBUG THREEPIO
2021-01-04 14:13:15,214 4296 log_generator.py 145 log-generator DEBUG The tension mounts as the pirateship gains on the tiny 
2021-01-04 14:13:16,106 4296 log_generator.py 145 log-generator DEBUG LUKE
2021-01-04 14:13:18,845 4296 log_generator.py 145 log-generator DEBUG I almost forgot. There's a battle 
2021-01-04 14:13:18,991 4296 log_generator.py 145 log-generator DEBUG white light. a dozen or so Jawas make their way through the 
2021-01-04 14:13:19,579 4296 log_generator.py 145 log-generator DEBUG Death Star now appears to be a small moon growing rapidly in 
2021-01-04 14:13:19,842 4296 log_generator.py 145 log-generator DEBUG request to you in person, but my 
2021-01-04 14:13:20,364 4296 log_generator.py 145 log-generator DEBUG Listen how quiet I am. You can barely 
2021-01-04 14:13:20,976 4296 log_generator.py 145 log-generator DEBUG no one to stop us this time.
2021-01-04 14:13:21,251 4296 log_generator.py 145 log-generator DEBUG INT. WEDGE'S COCKPIT
2021-01-04 14:13:22,567 4296 log_generator.py 145 log-generator DEBUG Heat waves radiate from the dozen or so bleached white 
2021-01-04 14:13:22,986 4296 log_generator.py 145 log-generator DEBUG Kenobi.
2021-01-04 14:13:24,992 4296 log_generator.py 145 log-generator DEBUG The eight Jawas carry Artoo out of the canyon to a huge tank-
2021-01-04 14:13:25,963 4296 log_generator.py 145 log-generator DEBUG GOLD LEADER
2021-01-04 14:13:26,791 4296 log_generator.py 145 log-generator DEBUG Oh, it's nothing. Don't worry about 
2021-01-04 14:13:26,910 4296 log_generator.py 145 log-generator DEBUG HAN
2021-01-04 14:13:27,940 4296 log_generator.py 145 log-generator DEBUG targeting eye viewer and adjusts it. His ship shudders under 
2021-01-04 14:13:28,809 4296 log_generator.py 145 log-generator DEBUG wind-whipped cockpit and pops the canopy shut.
2021-01-04 14:13:29,753 4296 log_generator.py 145 log-generator DEBUG BIGGS
2021-01-04 14:13:30,102 4296 log_generator.py 145 log-generator DEBUG INT. MASSASSI OUTPOST - WAR ROOM
2021-01-04 14:13:30,895 4296 log_generator.py 145 log-generator DEBUG RED TEN
2021-01-04 14:13:31,29 4296 log_generator.py 145 log-generator DEBUG meet the foreboding dune sea. The two helpless astro-droids 
2021-01-04 14:13:31,976 4296 log_generator.py 145 log-generator DEBUG of food and starts for the dining area.
2021-01-04 14:13:32,729 4296 log_generator.py 145 log-generator DEBUG HAN
2021-01-04 14:13:33,373 4296 log_generator.py 145 log-generator DEBUG red laser beam as it attacks. It hits Luke in the leg causing 
2021-01-04 14:13:34,213 4296 log_generator.py 145 log-generator DEBUG THREEPIO
2021-01-04 14:13:36,70 4296 log_generator.py 145 log-generator DEBUG filled with defiance, which slowly gives way to fear as a 
2021-01-04 14:13:36,228 4296 log_generator.py 145 log-generator DEBUG LEIA
2021-01-04 14:13:37,163 4296 log_generator.py 145 log-generator DEBUG INT. GOLD LEADER'S Y-WING - COCKPIT
2021-01-04 14:13:37,423 4296 log_generator.py 145 log-generator DEBUG What good is all your uncle's work 
2021-01-04 14:13:37,762 4296 log_generator.py 145 log-generator DEBUG smile.
2021-01-04 14:13:38,585 4296 log_generator.py 145 log-generator DEBUG is the Ambassador?
2021-01-04 14:13:39,77 4296 log_generator.py 145 log-generator DEBUG THREEPIO
2021-01-04 14:13:39,629 4296 log_generator.py 145 log-generator DEBUG the end of it. It belongs to us now.
2021-01-04 14:13:39,815 4296 log_generator.py 145 log-generator DEBUG sound.
2021-01-04 14:13:40,272 4296 log_generator.py 145 log-generator DEBUG cloak falls to the floor in two parts, but Ben is not in it.  
2021-01-04 14:13:40,531 4296 log_generator.py 145 log-generator DEBUG bolt, he might be able to play back 
2021-01-04 14:13:41,224 4296 log_generator.py 145 log-generator DEBUG Luke climbs up into the cockpit of his fighter and puts an 
2021-01-04 14:13:42,51 4296 log_generator.py 145 log-generator DEBUG bay.
2021-01-04 14:13:42,985 4296 log_generator.py 145 log-generator DEBUG Luke fires a laserblast at the approaching enemy fighter, 
2021-01-04 14:13:43,390 4296 log_generator.py 145 log-generator DEBUG Chewbacca settles into the pilot's chair and starts the mighty 
2021-01-04 14:13:43,564 4296 log_generator.py 145 log-generator DEBUG Yes. Rich, powerful! Listen, if you 
2021-01-04 14:13:43,957 4296 log_generator.py 145 log-generator DEBUG Luke looks downward sadly, shaking his head back and forth, 
2021-01-04 14:13:44,526 4296 log_generator.py 145 log-generator DEBUG OWEN
2021-01-04 14:13:45,129 4296 log_generator.py 145 log-generator DEBUG LUKE
2021-01-04 14:13:45,958 4296 log_generator.py 145 log-generator DEBUG to pull out in time to avoid the fireball.
2021-01-04 14:13:46,550 4296 log_generator.py 145 log-generator DEBUG stopping him. He claims to be the 
2021-01-04 14:13:48,245 4296 log_generator.py 145 log-generator DEBUG I'm in range.
2021-01-04 14:13:49,251 4296 log_generator.py 145 log-generator DEBUG Biggs! Of course, I'll be up there 
2021-01-04 14:13:49,910 4296 log_generator.py 145 log-generator DEBUG Chewbacca settles into the pilot's chair and starts the mighty 
2021-01-04 14:13:50,861 4296 log_generator.py 145 log-generator DEBUG All final preparations are made for the approaching battle.  
2021-01-04 14:13:51,470 4296 log_generator.py 145 log-generator DEBUG INT. LUKE'S X-WING - COCKPIT
2021-01-04 14:13:51,866 4296 log_generator.py 145 log-generator DEBUG reminding them of the oncoming danger. Luke fires back at 
2021-01-04 14:13:52,352 4296 log_generator.py 145 log-generator DEBUG All right. Well, take care of 
2021-01-04 14:13:52,579 4296 log_generator.py 145 log-generator DEBUG up in the interior of the crumbling temple. Willard, the 
