2021-01-04 14:22:04,543 16684 log_generator.py 145 log-generator DEBUG Red Ten looks up and sees the Imperial fighters.
2021-01-04 14:22:04,841 16684 log_generator.py 145 log-generator DEBUG the pirateship. Leia moves towards Han, touches his arm and 
2021-01-04 14:22:05,586 16684 log_generator.py 145 log-generator DEBUG them up.
2021-01-04 14:22:06,413 16684 log_generator.py 145 log-generator DEBUG LUKE
2021-01-04 14:22:07,241 16684 log_generator.py 145 log-generator DEBUG it!
2021-01-04 14:22:08,165 16684 log_generator.py 145 log-generator DEBUG Accelerate to attack speed. This is 
2021-01-04 14:22:08,346 16684 log_generator.py 145 log-generator DEBUG INT. RED TEN'S COCKPIT.
2021-01-04 14:22:09,229 16684 log_generator.py 145 log-generator DEBUG ship spins out of the trench with a damaged wing.
2021-01-04 14:22:10,215 16684 log_generator.py 145 log-generator DEBUG (to mechanic)
2021-01-04 14:22:11,157 16684 log_generator.py 145 log-generator DEBUG Threepio lies on the floor of the ship, completely tangled 
2021-01-04 14:22:12,978 16684 log_generator.py 145 log-generator DEBUG RED LEADER
2021-01-04 14:22:13,184 16684 log_generator.py 145 log-generator DEBUG The Imperial TIE fighters move towards the Millennium Falcon, 
2021-01-04 14:22:13,490 16684 log_generator.py 145 log-generator DEBUG targeting screen.
2021-01-04 14:22:13,875 16684 log_generator.py 145 log-generator DEBUG and he presses their firing buttons.
2021-01-04 14:22:14,490 16684 log_generator.py 145 log-generator DEBUG Another TIE fighter moves in on the pirateship and Luke, 
2021-01-04 14:22:17,915 16684 log_generator.py 145 log-generator DEBUG INT. RED LEADER'S COCKPIT
2021-01-04 14:22:18,643 16684 log_generator.py 145 log-generator DEBUG me...
2021-01-04 14:22:20,461 16684 log_generator.py 145 log-generator DEBUG The technical readouts of that battle 
2021-01-04 14:22:20,723 16684 log_generator.py 145 log-generator DEBUG his maneuvering joy stick.
2021-01-04 14:22:21,197 16684 log_generator.py 145 log-generator DEBUG Biggs! You've picked one up... watch 
2021-01-04 14:22:21,623 16684 log_generator.py 145 log-generator DEBUG BEN
2021-01-04 14:22:23,435 16684 log_generator.py 145 log-generator DEBUG see the exhaust port! Are you sure 
2021-01-04 14:22:24,298 16684 log_generator.py 145 log-generator DEBUG button. The targeting device moves away.
2021-01-04 14:22:25,83 16684 log_generator.py 145 log-generator DEBUG Artoo's beeping sounds die out.
2021-01-04 14:22:25,884 16684 log_generator.py 145 log-generator DEBUG Remember, the Force will be with 
2021-01-04 14:22:26,903 16684 log_generator.py 145 log-generator DEBUG It's a collision course.
2021-01-04 14:22:27,658 16684 log_generator.py 145 log-generator DEBUG (over loudspeaker)
2021-01-04 14:22:28,726 16684 log_generator.py 145 log-generator DEBUG along with your father.
2021-01-04 14:22:29,851 16684 log_generator.py 145 log-generator DEBUG INT. MASSASSI - WAR ROOM BRIEFING AREA
2021-01-04 14:22:30,421 16684 log_generator.py 145 log-generator DEBUG (over comlink)
2021-01-04 14:22:30,614 16684 log_generator.py 145 log-generator DEBUG Red Six...
2021-01-04 14:22:30,889 16684 log_generator.py 145 log-generator DEBUG princess.
2021-01-04 14:22:31,341 16684 log_generator.py 145 log-generator DEBUG The older pilot remains calm.
2021-01-04 14:22:31,754 16684 log_generator.py 145 log-generator DEBUG Evacuate? In out moment of triumph? 
2021-01-04 14:22:33,653 16684 log_generator.py 145 log-generator DEBUG The three Y-wing fighters race toward camera and zoom overhead 
2021-01-04 14:22:33,870 16684 log_generator.py 145 log-generator DEBUG Biggs' ship bursts into a million flaming bits and scatters 
2021-01-04 14:22:34,144 16684 log_generator.py 145 log-generator DEBUG Luke, at that speed will you be able 
2021-01-04 14:22:35,147 16684 log_generator.py 145 log-generator DEBUG (looking at his ship)
2021-01-04 14:22:35,284 16684 log_generator.py 145 log-generator DEBUG will soon see the end of the 
2021-01-04 14:22:35,650 16684 log_generator.py 145 log-generator DEBUG (over speaker)
2021-01-04 14:22:36,427 16684 log_generator.py 145 log-generator DEBUG tight formation. The sun reflects off their dominate solar 
2021-01-04 14:22:38,62 16684 log_generator.py 145 log-generator DEBUG The wingman spots the pirateship coming at him and warns the 
2021-01-04 14:22:38,386 16684 log_generator.py 145 log-generator DEBUG If we can just avoid any more female 
2021-01-04 14:22:38,631 16684 log_generator.py 145 log-generator DEBUG emerging from the hallways on the far side of the docking 
2021-01-04 14:22:39,815 16684 log_generator.py 145 log-generator DEBUG navigators, and a sprinkling of R2-type robots. Everyone is 
2021-01-04 14:22:39,964 16684 log_generator.py 145 log-generator DEBUG EXT. SPACE - ANOTHER ANGLE
2021-01-04 14:22:40,431 16684 log_generator.py 145 log-generator DEBUG As Luke begins to climb up the ladder into his sleek, deadly 
2021-01-04 14:22:40,789 16684 log_generator.py 145 log-generator DEBUG Three TIE fighters, Vader flanked by two wingmen, dive in a 
2021-01-04 14:22:41,954 16684 log_generator.py 145 log-generator DEBUG Walls buckle and cave in. Troops and equipment are blown in 
2021-01-04 14:22:43,495 16684 log_generator.py 145 log-generator DEBUG Wedge maneuvers his fighter toward the menacing Death Star.
2021-01-04 14:22:44,553 16684 log_generator.py 145 log-generator DEBUG RED TEN'S VOICE
2021-01-04 14:22:45,323 16684 log_generator.py 145 log-generator DEBUG I'm hit! I can't stay with you.
2021-01-04 14:22:47,91 16684 log_generator.py 145 log-generator DEBUG his friend's departure.
2021-01-04 14:22:47,220 16684 log_generator.py 145 log-generator DEBUG Darth Vader calmly adjusts his control stick as the stars 
2021-01-04 14:22:48,367 16684 log_generator.py 145 log-generator DEBUG (over headset)
2021-01-04 14:22:49,76 16684 log_generator.py 145 log-generator DEBUG Just hope the old man got the tractor 
2021-01-04 14:22:49,294 16684 log_generator.py 145 log-generator DEBUG Not this ship, sister.
2021-01-04 14:22:50,34 16684 log_generator.py 145 log-generator DEBUG The old Jedi edges his his way along a narrow ledge leading 
2021-01-04 14:22:50,892 16684 log_generator.py 145 log-generator DEBUG I've lost Artoo!
2021-01-04 14:22:51,478 16684 log_generator.py 145 log-generator DEBUG DODONNA
2021-01-04 14:22:52,451 16684 log_generator.py 145 log-generator DEBUG and several lights on the board go from red to blue.
2021-01-04 14:22:53,335 16684 log_generator.py 145 log-generator DEBUG situation.
2021-01-04 14:22:54,25 16684 log_generator.py 145 log-generator DEBUG INT. DEATH STAR - HALLWAY
2021-01-04 14:22:54,541 16684 log_generator.py 145 log-generator DEBUG Smoke belches from the giant laser guns as they wind up their 
2021-01-04 14:22:55,113 16684 log_generator.py 145 log-generator DEBUG Leia watches the TIE fighter ship fly over.
2021-01-04 14:22:56,189 16684 log_generator.py 145 log-generator DEBUG combat.
2021-01-04 14:22:57,975 16684 log_generator.py 145 log-generator DEBUG Luke is at ease, and his eyes are closed.
2021-01-04 14:22:58,744 16684 log_generator.py 145 log-generator DEBUG connects, and the fighter explodes into fiery dust. Han laughs 
2021-01-04 14:22:59,651 16684 log_generator.py 145 log-generator DEBUG INT. RED LEADER'S COCKPIT
2021-01-04 14:23:00,41 16684 log_generator.py 145 log-generator DEBUG Chewie! Come here!
2021-01-04 14:23:00,871 16684 log_generator.py 145 log-generator DEBUG Chewbacca growls in agreement.
2021-01-04 14:23:01,656 16684 log_generator.py 145 log-generator DEBUG INT. LUKE'S X-WING FIGHTER - COCKPIT
2021-01-04 14:23:03,219 16684 log_generator.py 145 log-generator DEBUG the huge guns into position as crew adjust their targeting 
2021-01-04 14:23:03,385 16684 log_generator.py 145 log-generator DEBUG EXT. SURFACE OF THE DEATH STAR
2021-01-04 14:23:03,828 16684 log_generator.py 145 log-generator DEBUG back. All right?
2021-01-04 14:23:04,274 16684 log_generator.py 145 log-generator DEBUG They're coming in too fast!
2021-01-04 14:23:04,668 16684 log_generator.py 145 log-generator DEBUG EXT. SPACE AROUND THE DEATH STAR
2021-01-04 14:23:05,772 16684 log_generator.py 145 log-generator DEBUG follow Luke's X-wing down the trench.
2021-01-04 14:23:06,723 16684 log_generator.py 145 log-generator DEBUG home. They're not much bigger than 
2021-01-04 14:23:07,401 16684 log_generator.py 145 log-generator DEBUG Hang on back there.
2021-01-04 14:23:08,199 16684 log_generator.py 145 log-generator DEBUG stormtroopers on the opposite side of the door begin making 
2021-01-04 14:23:09,92 16684 log_generator.py 145 log-generator DEBUG INT. MILLENNIUM FALCON - CHEWBACCA
2021-01-04 14:23:09,403 16684 log_generator.py 145 log-generator DEBUG Imperial fighters.
2021-01-04 14:23:09,733 16684 log_generator.py 145 log-generator DEBUG laserbeams from his cannon.
2021-01-04 14:23:10,523 16684 log_generator.py 145 log-generator DEBUG INT. GOLD LEADER'S Y-WING - COCKPIT
2021-01-04 14:23:10,968 16684 log_generator.py 145 log-generator DEBUG LUKE
2021-01-04 14:23:11,616 16684 log_generator.py 145 log-generator DEBUG Gold Leader races down the enormous trench that leads to the 
2021-01-04 14:23:12,501 16684 log_generator.py 145 log-generator DEBUG near the center blinks on and off.
2021-01-04 14:23:13,55 16684 log_generator.py 145 log-generator DEBUG Nice! Come on!
2021-01-04 14:23:14,43 16684 log_generator.py 145 log-generator DEBUG Oh, I think I just blasted it.
2021-01-04 14:23:14,779 16684 log_generator.py 145 log-generator DEBUG Heavy fire, boss! Twenty-degrees.
2021-01-04 14:23:15,769 16684 log_generator.py 145 log-generator DEBUG Chewie! Come here!
2021-01-04 14:23:17,244 16684 log_generator.py 145 log-generator DEBUG Wedge looks up and sees the TIE ships.
2021-01-04 14:23:18,58 16684 log_generator.py 145 log-generator DEBUG Three Imperial TIE ships in precise formation dive toward 
2021-01-04 14:23:19,325 16684 log_generator.py 145 log-generator DEBUG Princess Leia returns her general's worried and doubtful 
2021-01-04 14:23:19,825 16684 log_generator.py 145 log-generator DEBUG The Death Star's surface sweeps past as Red Leader searches 
2021-01-04 14:23:20,299 16684 log_generator.py 145 log-generator DEBUG HAN
2021-01-04 14:23:20,574 16684 log_generator.py 145 log-generator DEBUG all directions.
2021-01-04 14:23:21,513 16684 log_generator.py 145 log-generator DEBUG half your group out of range for the 
2021-01-04 14:23:23,95 16684 log_generator.py 145 log-generator DEBUG past the troopers and into the main hallway.
2021-01-04 14:23:23,695 16684 log_generator.py 145 log-generator DEBUG Negative! It didn't go in. It just 
2021-01-04 14:23:25,7 16684 log_generator.py 145 log-generator DEBUG EXT. SPACE
2021-01-04 14:23:26,468 16684 log_generator.py 145 log-generator DEBUG We're going in. We're going in full 
2021-01-04 14:23:28,20 16684 log_generator.py 145 log-generator DEBUG You must repair him! Sir, if any of 
2021-01-04 14:23:28,544 16684 log_generator.py 145 log-generator DEBUG Your powers are weak, old man.
2021-01-04 14:23:29,173 16684 log_generator.py 145 log-generator DEBUG The older pilot remains calm.
2021-01-04 14:23:31,312 16684 log_generator.py 145 log-generator DEBUG position. The fearsome Dark Knight takes a defensive stance.
2021-01-04 14:23:31,964 16684 log_generator.py 145 log-generator DEBUG RED LEADER
2021-01-04 14:23:32,677 16684 log_generator.py 145 log-generator DEBUG Wedge pulls his crippled X-wing back away from the battle.
2021-01-04 14:23:33,398 16684 log_generator.py 145 log-generator DEBUG Luke's targeting device marks off the distance to the target.
2021-01-04 14:23:34,348 16684 log_generator.py 145 log-generator DEBUG Now he's really panicked.
2021-01-04 14:23:34,804 16684 log_generator.py 145 log-generator DEBUG surface of the huge station. The ship moves into a deep 
2021-01-04 14:23:35,669 16684 log_generator.py 145 log-generator DEBUG LEIA
2021-01-04 14:23:35,879 16684 log_generator.py 145 log-generator DEBUG ship spins out of the trench with a damaged wing.
2021-01-04 14:23:36,878 16684 log_generator.py 145 log-generator DEBUG I can't shake him.
2021-01-04 14:23:37,608 16684 log_generator.py 145 log-generator DEBUG with the remaining two TIE ships.
2021-01-04 14:23:38,381 16684 log_generator.py 145 log-generator DEBUG From the cockpits of the Rebel pilots, the surface of the 
2021-01-04 14:23:39,976 16684 log_generator.py 145 log-generator DEBUG Biggs moves in to cover for Luke, but Vader gains on him.
2021-01-04 14:23:40,192 16684 log_generator.py 145 log-generator DEBUG The rumble of a distant explosion begins.
2021-01-04 14:23:41,118 16684 log_generator.py 145 log-generator DEBUG Han has already rounded a corner and does not hear.
2021-01-04 14:23:41,772 16684 log_generator.py 145 log-generator DEBUG heading for the main reactor.
2021-01-04 14:23:42,374 16684 log_generator.py 145 log-generator DEBUG RED LEADER
2021-01-04 14:23:43,267 16684 log_generator.py 145 log-generator DEBUG stormtroopers rush past him in the main hallway. He checks 
2021-01-04 14:23:43,420 16684 log_generator.py 145 log-generator DEBUG INT. LUKE'S X-WING FIGHTER - COCKPIT
2021-01-04 14:23:43,903 16684 log_generator.py 145 log-generator DEBUG EXT. DEATH STAR - GUN EMPLACEMENTS
2021-01-04 14:23:45,282 16684 log_generator.py 145 log-generator DEBUG boring, would you?
2021-01-04 14:23:45,387 16684 log_generator.py 145 log-generator DEBUG Luke's fighter streaks through the trench.
2021-01-04 14:23:45,762 16684 log_generator.py 145 log-generator DEBUG INT. DARTH VADER'S COCKPIT
2021-01-04 14:23:46,559 16684 log_generator.py 145 log-generator DEBUG fighter.
2021-01-04 14:23:46,913 16684 log_generator.py 145 log-generator DEBUG explosions are visible in the distance.
2021-01-04 14:23:48,642 16684 log_generator.py 145 log-generator DEBUG A TIE fighter maneuvers in front of Han, who follows it and 
2021-01-04 14:23:48,980 16684 log_generator.py 145 log-generator DEBUG starship and veers radically to one side, colliding with 
2021-01-04 14:23:49,373 16684 log_generator.py 145 log-generator DEBUG get here... are you going out with 
2021-01-04 14:23:51,71 16684 log_generator.py 145 log-generator DEBUG knicking one of his wings close to the engine.
2021-01-04 14:23:51,175 16684 log_generator.py 145 log-generator DEBUG Wedge pulls his crippled X-wing back away from the battle.
2021-01-04 14:23:51,832 16684 log_generator.py 145 log-generator DEBUG Get clear, Wedge.
2021-01-04 14:23:52,193 16684 log_generator.py 145 log-generator DEBUG then looks into his targeting device.
2021-01-04 14:23:53,27 16684 log_generator.py 145 log-generator DEBUG I have you now.
2021-01-04 14:23:53,578 16684 log_generator.py 145 log-generator DEBUG Biggs zooms off the surface and into space, closely followed 
2021-01-04 14:23:54,469 16684 log_generator.py 145 log-generator DEBUG INT. MASSASSI OUTPOST - WAR ROOM
2021-01-04 14:23:55,392 16684 log_generator.py 145 log-generator DEBUG The three TIE fighters zoom down the Death Star trench in 
2021-01-04 14:23:56,152 16684 log_generator.py 145 log-generator DEBUG INT. RED LEADER'S COCKPIT
2021-01-04 14:23:57,417 16684 log_generator.py 145 log-generator DEBUG Quick, we've got to get across. Find 
2021-01-04 14:23:58,931 16684 log_generator.py 145 log-generator DEBUG Han)
2021-01-04 14:23:59,817 16684 log_generator.py 145 log-generator DEBUG INT. MILLENNIUM FALCON - COCKPIT - GUNPORTS
2021-01-04 14:24:01,557 16684 log_generator.py 145 log-generator DEBUG INT. LUKE'S X-WING FIGHTER - COCKPIT
2021-01-04 14:24:01,729 16684 log_generator.py 145 log-generator DEBUG stopped!
2021-01-04 14:24:02,399 16684 log_generator.py 145 log-generator DEBUG at it.
2021-01-04 14:24:03,725 16684 log_generator.py 145 log-generator DEBUG stormtroopers on the opposite side of the door begin making 
2021-01-04 14:24:04,604 16684 log_generator.py 145 log-generator DEBUG LEIA
2021-01-04 14:24:05,205 16684 log_generator.py 145 log-generator DEBUG Han and Chewbacca run down a long corridor with several 
2021-01-04 14:24:06,450 16684 log_generator.py 145 log-generator DEBUG (into intercom)
2021-01-04 14:24:06,686 16684 log_generator.py 145 log-generator DEBUG THREEPIO
2021-01-04 14:24:07,564 16684 log_generator.py 145 log-generator DEBUG come with us? You're pretty good in 
2021-01-04 14:24:08,443 16684 log_generator.py 145 log-generator DEBUG panel, dousing the inferno by spraying it with fire retardant 
2021-01-04 14:24:10,17 16684 log_generator.py 145 log-generator DEBUG with his hand in an attempt to stop the ringing.
2021-01-04 14:24:10,947 16684 log_generator.py 145 log-generator DEBUG beeping all the while.
2021-01-04 14:24:12,309 16684 log_generator.py 145 log-generator DEBUG front porthole. the X-wings show in the center of Vader's 
2021-01-04 14:24:13,199 16684 log_generator.py 145 log-generator DEBUG Vader squeezes the fire button on his controls.
2021-01-04 14:24:13,837 16684 log_generator.py 145 log-generator DEBUG directly to the reactor system. A 
2021-01-04 14:24:14,59 16684 log_generator.py 145 log-generator DEBUG of space.
2021-01-04 14:24:14,641 16684 log_generator.py 145 log-generator DEBUG Artoo beeps in agreement.
2021-01-04 14:24:14,959 16684 log_generator.py 145 log-generator DEBUG Almost there!
2021-01-04 14:24:15,928 16684 log_generator.py 145 log-generator DEBUG Imperial fighters.
2021-01-04 14:24:16,866 16684 log_generator.py 145 log-generator DEBUG Red Three standing by.
2021-01-04 14:24:17,511 16684 log_generator.py 145 log-generator DEBUG think I'd be fool enough to stick 
2021-01-04 14:24:18,295 16684 log_generator.py 145 log-generator DEBUG Vader's wingman searches around him trying to locate the 
2021-01-04 14:24:18,662 16684 log_generator.py 145 log-generator DEBUG Falcon, while Luke, transfixed by anger and awe, returns 
2021-01-04 14:24:19,45 16684 log_generator.py 145 log-generator DEBUG not in it for you, Princess. I expect 
2021-01-04 14:24:19,556 16684 log_generator.py 145 log-generator DEBUG beeps good-bye.
2021-01-04 14:24:21,874 16684 log_generator.py 145 log-generator DEBUG on the screen showing it's position in relation to Yavin and 
2021-01-04 14:24:21,997 16684 log_generator.py 145 log-generator DEBUG stormtroopers into the air. Chewie follows his captain down 
2021-01-04 14:24:24,478 16684 log_generator.py 145 log-generator DEBUG INT. DEATH STAR - SUBHALLWAY
2021-01-04 14:24:24,817 16684 log_generator.py 145 log-generator DEBUG temple. Hundreds of troops are lined up in neat rows. Banners 
2021-01-04 14:24:26,37 16684 log_generator.py 145 log-generator DEBUG LUKE
2021-01-04 14:24:27,656 16684 log_generator.py 145 log-generator DEBUG Close the blast doors!
2021-01-04 14:24:28,381 16684 log_generator.py 145 log-generator DEBUG Luke, pull up!
2021-01-04 14:24:28,586 16684 log_generator.py 145 log-generator DEBUG I copy, Gold Five.
2021-01-04 14:24:29,274 16684 log_generator.py 145 log-generator DEBUG The ship rocks back and forth.
2021-01-04 14:24:31,189 16684 log_generator.py 145 log-generator DEBUG INT. LUKE'S X-WING FIGHTER - COCKPIT
2021-01-04 14:24:31,524 16684 log_generator.py 145 log-generator DEBUG Negative! It didn't go in. It just 
2021-01-04 14:24:32,309 16684 log_generator.py 145 log-generator DEBUG INT. DEATH STAR
2021-01-04 14:24:32,534 16684 log_generator.py 145 log-generator DEBUG LEIA
2021-01-04 14:24:33,60 16684 log_generator.py 145 log-generator DEBUG Red Leader roams down the trench of the Death Star as lasers 
2021-01-04 14:24:34,507 16684 log_generator.py 145 log-generator DEBUG Imperial star pilots dash in unison to a line of small 
2021-01-04 14:24:34,706 16684 log_generator.py 145 log-generator DEBUG WEDGE
2021-01-04 14:24:34,904 16684 log_generator.py 145 log-generator DEBUG gear is not adequate to protect them from the overwhelming 
2021-01-04 14:24:35,653 16684 log_generator.py 145 log-generator DEBUG INTERCOM VOICE
2021-01-04 14:24:36,361 16684 log_generator.py 145 log-generator DEBUG EXT. SPACE
2021-01-04 14:24:36,715 16684 log_generator.py 145 log-generator DEBUG LEIA
2021-01-04 14:24:38,449 16684 log_generator.py 145 log-generator DEBUG window.
2021-01-04 14:24:39,26 16684 log_generator.py 145 log-generator DEBUG the background. He moves his computer targeting device into 
2021-01-04 14:24:39,129 16684 log_generator.py 145 log-generator DEBUG Episode IV
2021-01-04 14:24:39,529 16684 log_generator.py 145 log-generator DEBUG into space.
2021-01-04 14:24:40,331 16684 log_generator.py 145 log-generator DEBUG INT. DARTH VADER'S COCKPIT
2021-01-04 14:24:40,955 16684 log_generator.py 145 log-generator DEBUG He presses the fire buttons on his control sticks. Laserfire 
2021-01-04 14:24:41,177 16684 log_generator.py 145 log-generator DEBUG Red Ten works at his controls furiously, trying to avoid 
2021-01-04 14:24:41,436 16684 log_generator.py 145 log-generator DEBUG hands grip the control stick as he presses the button.
2021-01-04 14:24:42,22 16684 log_generator.py 145 log-generator DEBUG by
2021-01-04 14:24:42,564 16684 log_generator.py 145 log-generator DEBUG and there is a danger. Should I have 
2021-01-04 14:24:43,480 16684 log_generator.py 145 log-generator DEBUG Tarkin turns to the computer readout screen. Flames move 
2021-01-04 14:24:44,223 16684 log_generator.py 145 log-generator DEBUG side. Red Five, where are you?
2021-01-04 14:24:45,503 16684 log_generator.py 145 log-generator DEBUG the exterior shell of the starship, the little droid beeps 
2021-01-04 14:24:46,312 16684 log_generator.py 145 log-generator DEBUG LUKE
2021-01-04 14:24:46,874 16684 log_generator.py 145 log-generator DEBUG Luke's lifelong friend struggles with his controls.
2021-01-04 14:24:47,773 16684 log_generator.py 145 log-generator DEBUG INT. LUKE'S X-WING FIGHTER - COCKPIT
2021-01-04 14:24:48,238 16684 log_generator.py 145 log-generator DEBUG INT. DEATH STAR
2021-01-04 14:24:48,922 16684 log_generator.py 145 log-generator DEBUG (laughing)
2021-01-04 14:24:49,437 16684 log_generator.py 145 log-generator DEBUG DEATH STAR INTERCOM VOICE
2021-01-04 14:24:49,849 16684 log_generator.py 145 log-generator DEBUG Look, Your Worshipfulness, let's get 
2021-01-04 14:24:50,651 16684 log_generator.py 145 log-generator DEBUG EXT. SPACE
2021-01-04 14:24:51,604 16684 log_generator.py 145 log-generator DEBUG only two meters wide. It's a small 
2021-01-04 14:24:52,420 16684 log_generator.py 145 log-generator DEBUG precise hit will start a chain 
2021-01-04 14:24:53,318 16684 log_generator.py 145 log-generator DEBUG in a tight formation and disappears into the morning cloud 
2021-01-04 14:24:54,12 16684 log_generator.py 145 log-generator DEBUG Negative.
2021-01-04 14:24:54,368 16684 log_generator.py 145 log-generator DEBUG WEDGE
2021-01-04 14:24:55,308 16684 log_generator.py 145 log-generator DEBUG his friend's departure.
2021-01-04 14:24:56,75 16684 log_generator.py 145 log-generator DEBUG Luke blasts the controls with his laser pistol.
2021-01-04 14:24:56,594 16684 log_generator.py 145 log-generator DEBUG with the remaining two TIE ships.
2021-01-04 14:24:56,901 16684 log_generator.py 145 log-generator DEBUG read across the bottom.
2021-01-04 14:24:57,638 16684 log_generator.py 145 log-generator DEBUG EXT. SURFACE OF THE DEATH STAR
2021-01-04 14:24:58,292 16684 log_generator.py 145 log-generator DEBUG You can't do any more good back there!
2021-01-04 14:24:58,777 16684 log_generator.py 145 log-generator DEBUG LUKE
2021-01-04 14:24:59,0 16684 log_generator.py 145 log-generator DEBUG the dim surface.
2021-01-04 14:24:59,243 16684 log_generator.py 145 log-generator DEBUG Dodonna moves to the intercom as he fiddles with the computer 
2021-01-04 14:24:59,481 16684 log_generator.py 145 log-generator DEBUG BIGGS
2021-01-04 14:25:00,34 16684 log_generator.py 145 log-generator DEBUG Smoke belches from the giant laser guns as they wind up their 
2021-01-04 14:25:00,699 16684 log_generator.py 145 log-generator DEBUG RED LEADER
2021-01-04 14:25:01,791 16684 log_generator.py 145 log-generator DEBUG Grand Moff Tarkin and Lord Vader are interrupted in their 
2021-01-04 14:25:02,459 16684 log_generator.py 145 log-generator DEBUG Great kid! Don't get cocky.
2021-01-04 14:25:02,737 16684 log_generator.py 145 log-generator DEBUG twisted green.
2021-01-04 14:25:03,417 16684 log_generator.py 145 log-generator DEBUG We've analyzed their attack, sir, 
2021-01-04 14:25:04,89 16684 log_generator.py 145 log-generator DEBUG INT. MILLENNIUM FALCON - GUNPORTS - COCKPIT
2021-01-04 14:25:04,390 16684 log_generator.py 145 log-generator DEBUG We're coming up on the sentry ships. 
2021-01-04 14:25:05,684 16684 log_generator.py 145 log-generator DEBUG sounds, and turns his head from right to left.
2021-01-04 14:25:05,917 16684 log_generator.py 145 log-generator DEBUG shielded, so you'll have to use proton 
2021-01-04 14:25:06,634 16684 log_generator.py 145 log-generator DEBUG BIGGS
2021-01-04 14:25:07,78 16684 log_generator.py 145 log-generator DEBUG INT. LUKE'S X-WING FIGHTER - COCKPIT
2021-01-04 14:25:09,190 16684 log_generator.py 145 log-generator DEBUG (over headset)
2021-01-04 14:25:10,17 16684 log_generator.py 145 log-generator DEBUG Yes.
2021-01-04 14:25:10,816 16684 log_generator.py 145 log-generator DEBUG EXT. DEATH STAR TRENCH
2021-01-04 14:25:11,19 16684 log_generator.py 145 log-generator DEBUG you, coming in!
2021-01-04 14:25:11,716 16684 log_generator.py 145 log-generator DEBUG I'm hit! I can't stay with you.
2021-01-04 14:25:12,103 16684 log_generator.py 145 log-generator DEBUG Dark Lord.
2021-01-04 14:25:12,253 16684 log_generator.py 145 log-generator DEBUG INT. DARTH VADER'S COCKPIT
2021-01-04 14:25:12,754 16684 log_generator.py 145 log-generator DEBUG Star surface.
2021-01-04 14:25:13,279 16684 log_generator.py 145 log-generator DEBUG Han turns and gives Luke a victory wave which Luke gleefully 
2021-01-04 14:25:13,934 16684 log_generator.py 145 log-generator DEBUG INT. BIGGS' COCKPIT
2021-01-04 14:25:15,214 16684 log_generator.py 145 log-generator DEBUG INT. MILLENNIUM FALCON - COCKPIT
2021-01-04 14:25:16,88 16684 log_generator.py 145 log-generator DEBUG INTERCOM VOICE
2021-01-04 14:25:16,983 16684 log_generator.py 145 log-generator DEBUG BIGGS
2021-01-04 14:25:17,969 16684 log_generator.py 145 log-generator DEBUG feet of him.
2021-01-04 14:25:18,734 16684 log_generator.py 145 log-generator DEBUG Two of the TIE fighters peel off and drop out of frame. Pan 
2021-01-04 14:25:18,987 16684 log_generator.py 145 log-generator DEBUG towards the Death Star surface. A thousand lights glow across 
2021-01-04 14:25:19,954 16684 log_generator.py 145 log-generator DEBUG Vader calmly adjusts his targeting computer and pushes the 
2021-01-04 14:25:20,551 16684 log_generator.py 145 log-generator DEBUG They've coming in! Three marks at 
2021-01-04 14:25:22,148 16684 log_generator.py 145 log-generator DEBUG by two wingmen, dive in precise formation almost vertically 
2021-01-04 14:25:22,717 16684 log_generator.py 145 log-generator DEBUG EXT. SPACE
2021-01-04 14:25:23,538 16684 log_generator.py 145 log-generator DEBUG cockpit.
2021-01-04 14:25:24,213 16684 log_generator.py 145 log-generator DEBUG Luke's ship charges down the trench.
2021-01-04 14:25:25,655 16684 log_generator.py 145 log-generator DEBUG Luke's hand reaches for the control panel and presses the 
2021-01-04 14:25:25,776 16684 log_generator.py 145 log-generator DEBUG toward the pirateship, ducking Imperial gunfire from the 
2021-01-04 14:25:26,499 16684 log_generator.py 145 log-generator DEBUG We are approaching the planet Yavin. The Rebel base is on a 
2021-01-04 14:25:26,713 16684 log_generator.py 145 log-generator DEBUG INT. MILLENNIUM FALCON - COCKPIT
2021-01-04 14:25:27,408 16684 log_generator.py 145 log-generator DEBUG INT. DEATH STAR
2021-01-04 14:25:28,848 16684 log_generator.py 145 log-generator DEBUG the call.
2021-01-04 14:25:29,243 16684 log_generator.py 145 log-generator DEBUG Luke is sitting next to Wedge Antilles, a hotshot pilot about 
2021-01-04 14:25:30,48 16684 log_generator.py 145 log-generator DEBUG one another, slapping each other on the back.
2021-01-04 14:25:31,199 16684 log_generator.py 145 log-generator DEBUG targeting screen.
2021-01-04 14:25:31,633 16684 log_generator.py 145 log-generator DEBUG formation settle ominously in the foreground and very slowly 
2021-01-04 14:25:32,961 16684 log_generator.py 145 log-generator DEBUG I'm on him, Luke!
2021-01-04 14:25:34,924 16684 log_generator.py 145 log-generator DEBUG come with us? You're pretty good in 
2021-01-04 14:25:35,413 16684 log_generator.py 145 log-generator DEBUG EXT. SURFACE OF THE DEATH STAR - LUKE'S SHIP
2021-01-04 14:25:36,140 16684 log_generator.py 145 log-generator DEBUG The ship shudders as a laserbolt hits very close to the 
2021-01-04 14:25:36,374 16684 log_generator.py 145 log-generator DEBUG No. Shut them all down! Hurry!
2021-01-04 14:25:37,582 16684 log_generator.py 145 log-generator DEBUG side to side.
2021-01-04 14:25:38,86 16684 log_generator.py 145 log-generator DEBUG I've got to get aboard. Listen, you'll 
2021-01-04 14:25:38,861 16684 log_generator.py 145 log-generator DEBUG Artoo whistles his reply.
2021-01-04 14:25:39,17 16684 log_generator.py 145 log-generator DEBUG were guarding the starship rush past them heading towards 
2021-01-04 14:25:39,889 16684 log_generator.py 145 log-generator DEBUG INT. READ LEADER'S COCKPIT
2021-01-04 14:25:40,93 16684 log_generator.py 145 log-generator DEBUG happen, what they're up against. 
2021-01-04 14:25:41,0 16684 log_generator.py 145 log-generator DEBUG (to Luke and Leia)
2021-01-04 14:25:42,643 16684 log_generator.py 145 log-generator DEBUG Standing in the middle of the chaos, a vision of calm and 
2021-01-04 14:25:43,163 16684 log_generator.py 145 log-generator DEBUG Solo swivels behind his cannon, his aim describing the arc 
2021-01-04 14:25:45,118 16684 log_generator.py 145 log-generator DEBUG THREEPIO
2021-01-04 14:25:45,942 16684 log_generator.py 145 log-generator DEBUG As Luke begins to climb up the ladder into his sleek, deadly 
2021-01-04 14:25:46,815 16684 log_generator.py 145 log-generator DEBUG buffeted by Imperial flak.
2021-01-04 14:25:47,953 16684 log_generator.py 145 log-generator DEBUG Wait!
2021-01-04 14:25:48,509 16684 log_generator.py 145 log-generator DEBUG LUKE
2021-01-04 14:25:50,118 16684 log_generator.py 145 log-generator DEBUG guns!
2021-01-04 14:25:50,955 16684 log_generator.py 145 log-generator DEBUG EXT. SURFACE OF THE DEATH STAR
2021-01-04 14:25:51,497 16684 log_generator.py 145 log-generator DEBUG Luke looks out of his cockpit at the flames on his ship.
2021-01-04 14:25:52,0 16684 log_generator.py 145 log-generator DEBUG EXT. SURFACE OF THE DEATH STAR - LUKE'S SHIP
2021-01-04 14:25:53,319 16684 log_generator.py 145 log-generator DEBUG Laserbolts streak through the star-filled night. The Rebel X-
2021-01-04 14:25:53,449 16684 log_generator.py 145 log-generator DEBUG Rebel fighters.
2021-01-04 14:25:54,271 16684 log_generator.py 145 log-generator DEBUG Computer graphic readouts form on Solo's target screen, as 
2021-01-04 14:25:56,222 16684 log_generator.py 145 log-generator DEBUG get here... are you going out with 
2021-01-04 14:25:56,846 16684 log_generator.py 145 log-generator DEBUG the forth moon.
2021-01-04 14:25:57,321 16684 log_generator.py 145 log-generator DEBUG Look!
2021-01-04 14:25:57,943 16684 log_generator.py 145 log-generator DEBUG Darth Vader strides into the control room, where Tarkin is 
2021-01-04 14:25:58,882 16684 log_generator.py 145 log-generator DEBUG He's on me tight, I can't shake him... 
2021-01-04 14:25:59,71 16684 log_generator.py 145 log-generator DEBUG Ben Kenobi moves with elegant ease into a classical offensive 
2021-01-04 14:25:59,981 16684 log_generator.py 145 log-generator DEBUG Flight crews rush around loading last-minute armaments and 
2021-01-04 14:26:00,456 16684 log_generator.py 145 log-generator DEBUG satisfaction.
2021-01-04 14:26:01,175 16684 log_generator.py 145 log-generator DEBUG around a huge planet, Yavin. Rebel fighters flying in 
2021-01-04 14:26:02,21 16684 log_generator.py 145 log-generator DEBUG Red Leader fights to gain control of his ship.
2021-01-04 14:26:02,879 16684 log_generator.py 145 log-generator DEBUG Hang on, Biggs, I'm coming in.
2021-01-04 14:26:04,402 16684 log_generator.py 145 log-generator DEBUG thermal exhaust port, right below 
2021-01-04 14:26:05,348 16684 log_generator.py 145 log-generator DEBUG LEIA
2021-01-04 14:26:05,870 16684 log_generator.py 145 log-generator DEBUG normal attitude as he comes out of his dive.
2021-01-04 14:26:06,431 16684 log_generator.py 145 log-generator DEBUG they let us go. It's the only 
2021-01-04 14:26:07,60 16684 log_generator.py 145 log-generator DEBUG INT. DARTH VADER'S COCKPIT
2021-01-04 14:26:07,332 16684 log_generator.py 145 log-generator DEBUG voice of the loudspeaker issuing commands. Coupling hoses 
2021-01-04 14:26:07,608 16684 log_generator.py 145 log-generator DEBUG past the troopers and into the main hallway.
2021-01-04 14:26:08,253 16684 log_generator.py 145 log-generator DEBUG The Death Star slowly moves behind the massive yellow surface 
2021-01-04 14:26:09,4 16684 log_generator.py 145 log-generator DEBUG Vader's finger's curls around the control stick.
2021-01-04 14:26:09,143 16684 log_generator.py 145 log-generator DEBUG INT. MASSASSI OUTPOST - WAR ROOM
2021-01-04 14:26:10,134 16684 log_generator.py 145 log-generator DEBUG INT. MILLENNIUM FALCON - SOLO'S GUNPORT - COCKPIT
2021-01-04 14:26:10,501 16684 log_generator.py 145 log-generator DEBUG HAN
2021-01-04 14:26:10,864 16684 log_generator.py 145 log-generator DEBUG (over speaker)
2021-01-04 14:26:12,642 16684 log_generator.py 145 log-generator DEBUG Vader and his wingmen whip through the trench in pursuit of 
2021-01-04 14:26:13,157 16684 log_generator.py 145 log-generator DEBUG EXT. DEATH STAR TRENCH
2021-01-04 14:26:13,410 16684 log_generator.py 145 log-generator DEBUG LUKE
2021-01-04 14:26:13,851 16684 log_generator.py 145 log-generator DEBUG helmet that looks like it's been through many battles. He 
2021-01-04 14:26:14,414 16684 log_generator.py 145 log-generator DEBUG Luke is sitting next to Wedge Antilles, a hotshot pilot about 
2021-01-04 14:26:14,563 16684 log_generator.py 145 log-generator DEBUG From the
2021-01-04 14:26:14,832 16684 log_generator.py 145 log-generator DEBUG yelling and brandishing his laser pistol. The troops reach a 
2021-01-04 14:26:15,194 16684 log_generator.py 145 log-generator DEBUG Switching to targeting computer.
2021-01-04 14:26:15,659 16684 log_generator.py 145 log-generator DEBUG Get back to the ship!
2021-01-04 14:26:17,499 16684 log_generator.py 145 log-generator DEBUG his mighty lightsaber down on the old man. Ben manages to 
2021-01-04 14:26:18,409 16684 log_generator.py 145 log-generator DEBUG Almost there!
2021-01-04 14:26:18,573 16684 log_generator.py 145 log-generator DEBUG EXT. SURFACE OF THE DEATH STAR
2021-01-04 14:26:18,785 16684 log_generator.py 145 log-generator DEBUG stormtroopers rush past him in the main hallway. He checks 
2021-01-04 14:26:18,992 16684 log_generator.py 145 log-generator DEBUG Luke gets up and moves out toward the gunports as Leia heads 
2021-01-04 14:26:19,805 16684 log_generator.py 145 log-generator DEBUG The battered pirateship drifts into orbit around the planet 
2021-01-04 14:26:21,409 16684 log_generator.py 145 log-generator DEBUG Nice! Come on!
2021-01-04 14:26:21,821 16684 log_generator.py 145 log-generator DEBUG front porthole. the X-wings show in the center of Vader's 
2021-01-04 14:26:22,727 16684 log_generator.py 145 log-generator DEBUG beautiful young Senator Leia. Luke and the others solemnly 
2021-01-04 14:26:23,108 16684 log_generator.py 145 log-generator DEBUG BIGGS
2021-01-04 14:26:23,984 16684 log_generator.py 145 log-generator DEBUG WINGMAN'S VOICE
2021-01-04 14:26:24,324 16684 log_generator.py 145 log-generator DEBUG Vader's ship spins out of control with a bent solar fin, 
2021-01-04 14:26:24,529 16684 log_generator.py 145 log-generator DEBUG quickly reach the end of the subhallway and race through an 
2021-01-04 14:26:25,341 16684 log_generator.py 145 log-generator DEBUG stories to tell...
2021-01-04 14:26:25,970 16684 log_generator.py 145 log-generator DEBUG EXT. SURFACE OF DEATH STAR
2021-01-04 14:26:26,971 16684 log_generator.py 145 log-generator DEBUG EXT. DEATH STAR SURFACE
2021-01-04 14:26:27,729 16684 log_generator.py 145 log-generator DEBUG wing joins him, and both unleash a volley of laserfire on 
2021-01-04 14:26:28,35 16684 log_generator.py 145 log-generator DEBUG INT. LUKE'S COCKPIT
2021-01-04 14:26:29,319 16684 log_generator.py 145 log-generator DEBUG that deflection tower.
2021-01-04 14:26:30,51 16684 log_generator.py 145 log-generator DEBUG Stealthily, the TIE formation creeps closer.
2021-01-04 14:26:30,626 16684 log_generator.py 145 log-generator DEBUG Chewie begins growling and points to the hatch to the garbage 
2021-01-04 14:26:33,729 16684 log_generator.py 145 log-generator DEBUG they let us go. It's the only 
2021-01-04 14:26:34,278 16684 log_generator.py 145 log-generator DEBUG Leia gives Luke a little kiss, turns, and goes off. As Luke 
2021-01-04 14:26:34,493 16684 log_generator.py 145 log-generator DEBUG (over speaker)
2021-01-04 14:26:36,52 16684 log_generator.py 145 log-generator DEBUG Vader brings his sword down, cutting old Ben in half. Ben's 
2021-01-04 14:26:37,11 16684 log_generator.py 145 log-generator DEBUG BIGGS
2021-01-04 14:26:37,399 16684 log_generator.py 145 log-generator DEBUG Three-two-six-eight-two-seven.
2021-01-04 14:26:37,560 16684 log_generator.py 145 log-generator DEBUG (to Luke)
2021-01-04 14:26:38,254 16684 log_generator.py 145 log-generator DEBUG EXT. SPACE
2021-01-04 14:26:38,855 16684 log_generator.py 145 log-generator DEBUG fantastic cries of unimaginable creatures. Han, Luke and the 
2021-01-04 14:26:39,434 16684 log_generator.py 145 log-generator DEBUG worry about the tower!
2021-01-04 14:26:40,388 16684 log_generator.py 145 log-generator DEBUG onto an armored speeder.
2021-01-04 14:26:41,217 16684 log_generator.py 145 log-generator DEBUG Red Ten panics.
2021-01-04 14:26:41,886 16684 log_generator.py 145 log-generator DEBUG in formation zoom toward us and out of the frame.
2021-01-04 14:26:42,465 16684 log_generator.py 145 log-generator DEBUG The Death Star has cleared the planet.
2021-01-04 14:26:43,80 16684 log_generator.py 145 log-generator DEBUG Gold Leader, a rough looking man in his early thirties, stands 
2021-01-04 14:26:43,344 16684 log_generator.py 145 log-generator DEBUG INT. DEATH STAR
2021-01-04 14:26:44,489 16684 log_generator.py 145 log-generator DEBUG guns!
2021-01-04 14:26:44,938 16684 log_generator.py 145 log-generator DEBUG The Millennium Falcon heads right at the two TIE fighters.  
2021-01-04 14:26:45,690 16684 log_generator.py 145 log-generator DEBUG INT. MASSASSI OUTPOST - MAIN THRONE ROOM
2021-01-04 14:26:46,363 16684 log_generator.py 145 log-generator DEBUG EXT. SPACE AROUND THE DEATH STAR
2021-01-04 14:26:47,278 16684 log_generator.py 145 log-generator DEBUG Artoo-Detoo beeps a reply.
2021-01-04 14:26:48,412 16684 log_generator.py 145 log-generator DEBUG So... what do you think of her, Han?
2021-01-04 14:26:48,795 16684 log_generator.py 145 log-generator DEBUG BIGGS
2021-01-04 14:26:51,34 16684 log_generator.py 145 log-generator DEBUG (over headset)
2021-01-04 14:26:51,154 16684 log_generator.py 145 log-generator DEBUG INT. GOLD LEADER'S Y-WING - COCKPIT
2021-01-04 14:26:52,330 16684 log_generator.py 145 log-generator DEBUG reminding them of the oncoming danger. Luke fires back at 
2021-01-04 14:26:52,845 16684 log_generator.py 145 log-generator DEBUG Han is deliberately ignoring the activity of the fighter 
2021-01-04 14:26:53,278 16684 log_generator.py 145 log-generator DEBUG I met your father once when I was 
2021-01-04 14:26:54,176 16684 log_generator.py 145 log-generator DEBUG laserbolts.
2021-01-04 14:26:54,823 16684 log_generator.py 145 log-generator DEBUG just leaving then?
2021-01-04 14:26:55,582 16684 log_generator.py 145 log-generator DEBUG them.
2021-01-04 14:26:56,150 16684 log_generator.py 145 log-generator DEBUG Standing in the middle of the chaos, a vision of calm and 
2021-01-04 14:26:57,563 16684 log_generator.py 145 log-generator DEBUG and down onto the dim grey surface.
2021-01-04 14:26:59,6 16684 log_generator.py 145 log-generator DEBUG The crewmen lower Artoo-Detoo into the craft. Now a part of 
2021-01-04 14:26:59,659 16684 log_generator.py 145 log-generator DEBUG LUKE
2021-01-04 14:27:00,520 16684 log_generator.py 145 log-generator DEBUG DODONNA
2021-01-04 14:27:00,854 16684 log_generator.py 145 log-generator DEBUG I only wish Ben were here.
2021-01-04 14:27:01,683 16684 log_generator.py 145 log-generator DEBUG Luke climbs up into the cockpit of his fighter and puts an 
2021-01-04 14:27:02,336 16684 log_generator.py 145 log-generator DEBUG Well, let's get moving!
2021-01-04 14:27:03,607 16684 log_generator.py 145 log-generator DEBUG Chewbacca spots the enemy ships and barks.
2021-01-04 14:27:04,723 16684 log_generator.py 145 log-generator DEBUG So... you got your reward and you're 
2021-01-04 14:27:05,179 16684 log_generator.py 145 log-generator DEBUG me...
2021-01-04 14:27:06,648 16684 log_generator.py 145 log-generator DEBUG cloak falls to the floor in two parts, but Ben is not in it.  
2021-01-04 14:27:06,822 16684 log_generator.py 145 log-generator DEBUG forward firing laser bolts, as the door slides to a close 
2021-01-04 14:27:07,720 16684 log_generator.py 145 log-generator DEBUG station. I only hope that when the 
2021-01-04 14:27:08,506 16684 log_generator.py 145 log-generator DEBUG INT. DEATH STAR
2021-01-04 14:27:11,229 16684 log_generator.py 145 log-generator DEBUG Two X-wings, a Y-wing, and the pirateship race toward Yavin 
2021-01-04 14:27:11,524 16684 log_generator.py 145 log-generator DEBUG ...oh-five; we'll cover for you.
2021-01-04 14:27:12,448 16684 log_generator.py 145 log-generator DEBUG Vader takes aim on Luke and talks to the wingmen.
2021-01-04 14:27:13,136 16684 log_generator.py 145 log-generator DEBUG HAN
2021-01-04 14:27:14,132 16684 log_generator.py 145 log-generator DEBUG The X-wing fighters of Luke, Biggs, and Wedge fly in formation 
2021-01-04 14:27:14,826 16684 log_generator.py 145 log-generator DEBUG LUKE
2021-01-04 14:27:15,429 16684 log_generator.py 145 log-generator DEBUG Squad leaders, we've picked up a new 
2021-01-04 14:27:16,226 16684 log_generator.py 145 log-generator DEBUG and the robots reach the starship. Luke sees Ben cut in two 
2021-01-04 14:27:17,34 16684 log_generator.py 145 log-generator DEBUG RED NINE'S VOICE
2021-01-04 14:27:17,892 16684 log_generator.py 145 log-generator DEBUG Luke, at that speed will you be able 
2021-01-04 14:27:18,26 16684 log_generator.py 145 log-generator DEBUG Red Leader looks over at his wingmen.
2021-01-04 14:27:18,319 16684 log_generator.py 145 log-generator DEBUG INT. DARTH VADER'S COCKPIT
2021-01-04 14:27:18,604 16684 log_generator.py 145 log-generator DEBUG LUKE
2021-01-04 14:27:20,666 16684 log_generator.py 145 log-generator DEBUG that deflection tower.
2021-01-04 14:27:22,444 16684 log_generator.py 145 log-generator DEBUG Nothing. I'm all right.
2021-01-04 14:27:23,69 16684 log_generator.py 145 log-generator DEBUG EXT. SURFACE OF THE DEATH STAR
2021-01-04 14:27:23,977 16684 log_generator.py 145 log-generator DEBUG Luke goes off and Han hesitates, then calls to him.
2021-01-04 14:27:25,133 16684 log_generator.py 145 log-generator DEBUG INT. MILLENNIUM FALCON - MAIN PASSAGEWAY
2021-01-04 14:27:26,499 16684 log_generator.py 145 log-generator DEBUG INT. MILLENNIUM FALCON - GUNPORTS - COCKPIT
2021-01-04 14:27:27,162 16684 log_generator.py 145 log-generator DEBUG computer.
2021-01-04 14:27:27,852 16684 log_generator.py 145 log-generator DEBUG INT. DARTH VADER'S COCKPIT
2021-01-04 14:27:28,676 16684 log_generator.py 145 log-generator DEBUG Chewbacca runs down the subhallway in a last-ditch attempt 
2021-01-04 14:27:29,209 16684 log_generator.py 145 log-generator DEBUG this yet!
2021-01-04 14:27:29,992 16684 log_generator.py 145 log-generator DEBUG The robots are already moving up the ramp into the Millennium 
2021-01-04 14:27:30,179 16684 log_generator.py 145 log-generator DEBUG position.
2021-01-04 14:27:30,621 16684 log_generator.py 145 log-generator DEBUG The Rebel fighters evade the Imperial laser blasts.
2021-01-04 14:27:30,894 16684 log_generator.py 145 log-generator DEBUG ship lurches violently, throwing poor Threepio into a cabinet 
2021-01-04 14:27:31,698 16684 log_generator.py 145 log-generator DEBUG a small wave and then goes off.
2021-01-04 14:27:31,837 16684 log_generator.py 145 log-generator DEBUG that spans a huge, deep shaft that seems to go into infinity. 
2021-01-04 14:27:32,353 16684 log_generator.py 145 log-generator DEBUG RED LEADER
2021-01-04 14:27:33,352 16684 log_generator.py 145 log-generator DEBUG (looking pointedly to 
2021-01-04 14:27:34,42 16684 log_generator.py 145 log-generator DEBUG Luke looks downward sadly, shaking his head back and forth, 
2021-01-04 14:27:34,792 16684 log_generator.py 145 log-generator DEBUG moments, sizing each other up and waiting for the right 
2021-01-04 14:27:35,856 16684 log_generator.py 145 log-generator DEBUG Gold Leader pulls his computer targeting device down in front 
2021-01-04 14:27:36,687 16684 log_generator.py 145 log-generator DEBUG It's a collision course.
2021-01-04 14:27:36,942 16684 log_generator.py 145 log-generator DEBUG were afraid that you were... lost 
2021-01-04 14:27:37,302 16684 log_generator.py 145 log-generator DEBUG What good's a reward if you ain't 
2021-01-04 14:27:40,541 16684 log_generator.py 145 log-generator DEBUG the surface, some on the towers.
2021-01-04 14:27:40,703 16684 log_generator.py 145 log-generator DEBUG others are greeted by the Rebel troops.
2021-01-04 14:27:41,263 16684 log_generator.py 145 log-generator DEBUG George Lucas
2021-01-04 14:27:41,500 16684 log_generator.py 145 log-generator DEBUG This is Red Two. Flying toward you.
2021-01-04 14:27:42,276 16684 log_generator.py 145 log-generator DEBUG Pardon me for asking, sir, but what 
2021-01-04 14:27:43,330 16684 log_generator.py 145 log-generator DEBUG screaming and hollering from Luke's comlink.
2021-01-04 14:27:45,226 16684 log_generator.py 145 log-generator DEBUG GOLD TWO
2021-01-04 14:27:45,981 16684 log_generator.py 145 log-generator DEBUG across the surface.
2021-01-04 14:27:46,910 16684 log_generator.py 145 log-generator DEBUG VADER
2021-01-04 14:27:47,856 16684 log_generator.py 145 log-generator DEBUG The ship rocks back and forth.
2021-01-04 14:27:49,545 16684 log_generator.py 145 log-generator DEBUG (over speaker)
2021-01-04 14:27:50,766 16684 log_generator.py 145 log-generator DEBUG in the distance.
2021-01-04 14:27:50,970 16684 log_generator.py 145 log-generator DEBUG see the exhaust port! Are you sure 
2021-01-04 14:27:53,699 16684 log_generator.py 145 log-generator DEBUG RED LEADER
2021-01-04 14:27:54,215 16684 log_generator.py 145 log-generator DEBUG Wedge looks up and sees the TIE ships.
2021-01-04 14:27:54,852 16684 log_generator.py 145 log-generator DEBUG LUKE
2021-01-04 14:27:55,356 16684 log_generator.py 145 log-generator DEBUG INT. GOLD LEADER'S Y-WING - COCKPIT
2021-01-04 14:27:56,618 16684 log_generator.py 145 log-generator DEBUG Threepio and Artoo-Detoo are in the center of the Death Star's 
2021-01-04 14:27:57,257 16684 log_generator.py 145 log-generator DEBUG the pirateship. Leia moves towards Han, touches his arm and 
2021-01-04 14:27:57,566 16684 log_generator.py 145 log-generator DEBUG Star surface.
2021-01-04 14:27:58,720 16684 log_generator.py 145 log-generator DEBUG Han turns and gives Luke a victory wave which Luke gleefully 
2021-01-04 14:27:59,693 16684 log_generator.py 145 log-generator DEBUG EXT. SPACE AROUND THE DEATH STAR
2021-01-04 14:28:00,520 16684 log_generator.py 145 log-generator DEBUG buffeted by Imperial flak.
2021-01-04 14:28:01,984 16684 log_generator.py 145 log-generator DEBUG Luke, saddened by the loss of Obi-Wan Kenobi, stares off 
2021-01-04 14:28:02,804 16684 log_generator.py 145 log-generator DEBUG (over speaker)
2021-01-04 14:28:03,946 16684 log_generator.py 145 log-generator DEBUG INT. BIGGS' COCKPIT
2021-01-04 14:28:04,220 16684 log_generator.py 145 log-generator DEBUG canceled.
2021-01-04 14:28:04,903 16684 log_generator.py 145 log-generator DEBUG EXT. SPACE AROUND THE DEATH STAR
2021-01-04 14:28:06,789 16684 log_generator.py 145 log-generator DEBUG EXT. SURFACE OF THE DEATH STAR
2021-01-04 14:28:07,881 16684 log_generator.py 145 log-generator DEBUG Artoo-Detoo advances toward the smoking sparking control 
2021-01-04 14:28:08,503 16684 log_generator.py 145 log-generator DEBUG Vader squeezes the fire button on his controls.
2021-01-04 14:28:09,990 16684 log_generator.py 145 log-generator DEBUG No!
2021-01-04 14:28:10,423 16684 log_generator.py 145 log-generator DEBUG Luke sits in readiness for the attack, his hand on the laser 
2021-01-04 14:28:10,811 16684 log_generator.py 145 log-generator DEBUG (going off)
2021-01-04 14:28:14,153 16684 log_generator.py 145 log-generator DEBUG EXT. DEATH STAR TRENCH
2021-01-04 14:28:15,38 16684 log_generator.py 145 log-generator DEBUG INT. LUKE'S X-WING - COCKPIT
2021-01-04 14:28:17,420 16684 log_generator.py 145 log-generator DEBUG The fried little Artoo-Detoo is lifted off the back of the 
2021-01-04 14:28:18,374 16684 log_generator.py 145 log-generator DEBUG All flight trooper, man your stations. 
2021-01-04 14:28:18,624 16684 log_generator.py 145 log-generator DEBUG BIGGS
2021-01-04 14:28:19,632 16684 log_generator.py 145 log-generator DEBUG EXT. SURFACE OF THE DEATH STAR
2021-01-04 14:28:21,692 16684 log_generator.py 145 log-generator DEBUG Walls buckle and cave in. Troops and equipment are blown in 
2021-01-04 14:28:23,73 16684 log_generator.py 145 log-generator DEBUG is moved by the event. They turn and face the assembled 
2021-01-04 14:28:23,542 16684 log_generator.py 145 log-generator DEBUG LEIA
2021-01-04 14:28:24,167 16684 log_generator.py 145 log-generator DEBUG ships continue to move in.
2021-01-04 14:28:24,998 16684 log_generator.py 145 log-generator DEBUG You can't do any more good back there!
2021-01-04 14:28:25,250 16684 log_generator.py 145 log-generator DEBUG They've coming in! Three marks at 
2021-01-04 14:28:26,865 16684 log_generator.py 145 log-generator DEBUG INT. DARTH VADER'S COCKPIT
2021-01-04 14:28:27,407 16684 log_generator.py 145 log-generator DEBUG as if an invisible weight were being placed upon him. He 
2021-01-04 14:28:28,872 16684 log_generator.py 145 log-generator DEBUG their fire.
2021-01-04 14:28:29,660 16684 log_generator.py 145 log-generator DEBUG troopers and races into the ship.
2021-01-04 14:28:30,434 16684 log_generator.py 145 log-generator DEBUG LUKE
2021-01-04 14:28:30,661 16684 log_generator.py 145 log-generator DEBUG data is analyzed, a weakness can be 
2021-01-04 14:28:31,524 16684 log_generator.py 145 log-generator DEBUG ships continue to move in.
2021-01-04 14:28:31,817 16684 log_generator.py 145 log-generator DEBUG pilots' preparation. Luke is quite saddened at the sight of 
2021-01-04 14:28:34,729 16684 log_generator.py 145 log-generator DEBUG an Imperial TIE fighter closing in on him in hot pursuit.
2021-01-04 14:28:35,593 16684 log_generator.py 145 log-generator DEBUG Where are you going?
2021-01-04 14:28:36,409 16684 log_generator.py 145 log-generator DEBUG Loosen up!
2021-01-04 14:28:36,874 16684 log_generator.py 145 log-generator DEBUG listening intently to what Dodonna is saying. Han and 
2021-01-04 14:28:37,553 16684 log_generator.py 145 log-generator DEBUG begin to raise their laser guns. Soon all ten troopers are 
2021-01-04 14:28:38,985 16684 log_generator.py 145 log-generator DEBUG your ship standing by?
2021-01-04 14:28:39,538 16684 log_generator.py 145 log-generator DEBUG his maneuvering joy stick.
2021-01-04 14:28:40,351 16684 log_generator.py 145 log-generator DEBUG other hallway. With the help of the Force, Ben deftly slips 
2021-01-04 14:28:41,370 16684 log_generator.py 145 log-generator DEBUG out attack run.
2021-01-04 14:28:41,633 16684 log_generator.py 145 log-generator DEBUG The battle station is heavily shielded 
2021-01-04 14:28:42,279 16684 log_generator.py 145 log-generator DEBUG What're you lookin' at? I know what 
2021-01-04 14:28:43,105 16684 log_generator.py 145 log-generator DEBUG Red Three standing by.
2021-01-04 14:28:43,929 16684 log_generator.py 145 log-generator DEBUG If money is all that you love, then 
2021-01-04 14:28:44,899 16684 log_generator.py 145 log-generator DEBUG No, wait. They'll hear!
2021-01-04 14:28:45,265 16684 log_generator.py 145 log-generator DEBUG overhang and fires at Luke and Leia. As Luke works with the 
2021-01-04 14:28:46,148 16684 log_generator.py 145 log-generator DEBUG INT. DEATH STAR - POWER TRENCH
2021-01-04 14:28:46,644 16684 log_generator.py 145 log-generator DEBUG holding red guiding lights, directs the ships. Luke, a trace 
2021-01-04 14:28:47,39 16684 log_generator.py 145 log-generator DEBUG Another TIE fighter moves in on the pirateship and Luke, 
2021-01-04 14:28:47,584 16684 log_generator.py 145 log-generator DEBUG himself killed? Come on!
2021-01-04 14:28:47,753 16684 log_generator.py 145 log-generator DEBUG at a stormtrooper perched on a higher bridge overhang across 
2021-01-04 14:28:47,949 16684 log_generator.py 145 log-generator DEBUG LUKE
2021-01-04 14:28:48,542 16684 log_generator.py 145 log-generator DEBUG the room and then comes back on.
2021-01-04 14:28:49,178 16684 log_generator.py 145 log-generator DEBUG explanation for the ease of our 
2021-01-04 14:28:49,508 16684 log_generator.py 145 log-generator DEBUG Another trooper standing on the bridge overhang is hit by 
2021-01-04 14:28:50,20 16684 log_generator.py 145 log-generator DEBUG fortress. The Death Star surface streaks past the cockpit 
2021-01-04 14:28:50,466 16684 log_generator.py 145 log-generator DEBUG INT. RED TEN'S COCKPIT
